TN:
SF:/home/rehan/QuecToHarman/quectel_to_harman.cpp
FN:6,34,_Z28MapQuectelStateToHarmanStateB5cxx11i
FNDA:44,_Z28MapQuectelStateToHarmanStateB5cxx11i
FNF:1
FNH:1
DA:6,44
DA:8,44
DA:9,16
DA:12,28
DA:21,56
DA:24,0
DA:25,0
DA:26,0
DA:27,0
DA:28,0
DA:29,0
DA:30,224
DA:32,28
DA:33,28
DA:34,56
LF:15
LH:9
end_of_record
TN:
SF:/home/rehan/QuecToHarman/quectel_to_harman_test.cpp
FN:15,15,_ZN36QuectelHarmanTest_InvalidInputs_Test8TestBodyEv
FN:15,15,_ZN36QuectelHarmanTest_InvalidInputs_TestC2Ev
FN:15,15,_ZN36QuectelHarmanTest_InvalidInputs_TestD0Ev
FN:15,15,_ZN36QuectelHarmanTest_InvalidInputs_TestD2Ev
FN:21,21,_ZN37QuectelHarmanTest_BoundaryValues_Test8TestBodyEv
FN:21,21,_ZN37QuectelHarmanTest_BoundaryValues_TestC2Ev
FN:21,21,_ZN37QuectelHarmanTest_BoundaryValues_TestD0Ev
FN:21,21,_ZN37QuectelHarmanTest_BoundaryValues_TestD2Ev
FN:5,5,_ZN36QuectelHarmanTest_ValidMappings_Test8TestBodyEv
FN:5,5,_ZN36QuectelHarmanTest_ValidMappings_TestC2Ev
FN:5,5,_ZN36QuectelHarmanTest_ValidMappings_TestD0Ev
FN:5,5,_ZN36QuectelHarmanTest_ValidMappings_TestD2Ev
FNDA:2,_ZN36QuectelHarmanTest_InvalidInputs_Test8TestBodyEv
FNDA:2,_ZN36QuectelHarmanTest_InvalidInputs_TestC2Ev
FNDA:2,_ZN36QuectelHarmanTest_InvalidInputs_TestD0Ev
FNDA:2,_ZN36QuectelHarmanTest_InvalidInputs_TestD2Ev
FNDA:2,_ZN37QuectelHarmanTest_BoundaryValues_Test8TestBodyEv
FNDA:2,_ZN37QuectelHarmanTest_BoundaryValues_TestC2Ev
FNDA:2,_ZN37QuectelHarmanTest_BoundaryValues_TestD0Ev
FNDA:2,_ZN37QuectelHarmanTest_BoundaryValues_TestD2Ev
FNDA:2,_ZN36QuectelHarmanTest_ValidMappings_Test8TestBodyEv
FNDA:2,_ZN36QuectelHarmanTest_ValidMappings_TestC2Ev
FNDA:2,_ZN36QuectelHarmanTest_ValidMappings_TestD0Ev
FNDA:2,_ZN36QuectelHarmanTest_ValidMappings_TestD2Ev
FNF:12
FNH:12
DA:5,8
DA:6,2
DA:7,2
DA:8,2
DA:9,2
DA:10,2
DA:11,2
DA:12,2
DA:15,8
DA:16,2
DA:17,2
DA:18,2
DA:19,2
DA:21,8
DA:22,2
DA:23,2
DA:24,2
DA:25,2
DA:26,2
LF:19
LH:19
end_of_record
TN:
SF:/usr/include/c++/13/bits/alloc_traits.h
FNF:0
FNH:0
DA:482,392
DA:517,392
DA:538,336
DA:542,336
DA:562,336
LF:5
LH:5
end_of_record
TN:
SF:/usr/include/c++/13/bits/allocator.h
FNF:0
FNH:0
DA:163,224
DA:168,56
DA:178,168
DA:184,392
LF:4
LH:4
end_of_record
TN:
SF:/usr/include/c++/13/bits/basic_string.h
FN:3727,3732,_ZSteqIcSt11char_traitsIcESaIcEEbRKNSt7__cxx1112basic_stringIT_T0_T1_EEPKS5_
FN:641,650,_ZNSt7__cxx1112basic_stringIcSt11char_traitsIcESaIcEEC2IS3_EEPKcRKS3_
FNDA:20,_ZSteqIcSt11char_traitsIcESaIcEEbRKNSt7__cxx1112basic_stringIT_T0_T1_EEPKS5_
FNDA:262,_ZNSt7__cxx1112basic_stringIcSt11char_traitsIcESaIcEEC2IS3_EEPKcRKS3_
FNF:2
FNH:2
DA:355,206
DA:641,262
DA:642,262
DA:645,262
DA:646,0
DA:648,262
DA:649,262
DA:650,262
DA:3727,20
DA:3730,20
DA:3731,20
LF:11
LH:10
end_of_record
TN:
SF:/usr/include/c++/13/bits/basic_string.tcc
FN:221,252,_ZNSt7__cxx1112basic_stringIcSt11char_traitsIcESaIcEE12_M_constructIPKcEEvT_S8_St20forward_iterator_tag
FN:221,252,_ZNSt7__cxx1112basic_stringIcSt11char_traitsIcESaIcEE12_M_constructIPcEEvT_S7_St20forward_iterator_tag
FN:239,239,_ZZNSt7__cxx1112basic_stringIcSt11char_traitsIcESaIcEE12_M_constructIPKcEEvT_S8_St20forward_iterator_tagEN6_GuardC2EPS4_
FN:239,239,_ZZNSt7__cxx1112basic_stringIcSt11char_traitsIcESaIcEE12_M_constructIPcEEvT_S7_St20forward_iterator_tagEN6_GuardC2EPS4_
FN:242,242,_ZZNSt7__cxx1112basic_stringIcSt11char_traitsIcESaIcEE12_M_constructIPKcEEvT_S8_St20forward_iterator_tagEN6_GuardD2Ev
FN:242,242,_ZZNSt7__cxx1112basic_stringIcSt11char_traitsIcESaIcEE12_M_constructIPcEEvT_S7_St20forward_iterator_tagEN6_GuardD2Ev
FNDA:294,_ZNSt7__cxx1112basic_stringIcSt11char_traitsIcESaIcEE12_M_constructIPKcEEvT_S8_St20forward_iterator_tag
FNDA:0,_ZNSt7__cxx1112basic_stringIcSt11char_traitsIcESaIcEE12_M_constructIPcEEvT_S7_St20forward_iterator_tag
FNDA:294,_ZZNSt7__cxx1112basic_stringIcSt11char_traitsIcESaIcEE12_M_constructIPKcEEvT_S8_St20forward_iterator_tagEN6_GuardC2EPS4_
FNDA:0,_ZZNSt7__cxx1112basic_stringIcSt11char_traitsIcESaIcEE12_M_constructIPcEEvT_S7_St20forward_iterator_tagEN6_GuardC2EPS4_
FNDA:294,_ZZNSt7__cxx1112basic_stringIcSt11char_traitsIcESaIcEE12_M_constructIPKcEEvT_S8_St20forward_iterator_tagEN6_GuardD2Ev
FNDA:0,_ZZNSt7__cxx1112basic_stringIcSt11char_traitsIcESaIcEE12_M_constructIPcEEvT_S7_St20forward_iterator_tagEN6_GuardD2Ev
FNF:6
FNH:3
DA:221,294
DA:225,294
DA:227,294
DA:229,88
DA:230,88
DA:239,294
DA:242,294
DA:245,294
DA:247,294
DA:249,294
DA:251,294
DA:252,294
LF:12
LH:12
end_of_record
TN:
SF:/usr/include/c++/13/bits/char_traits.h
FN:136,137,_ZN9__gnu_cxx11char_traitsIcE2eqERKcS3_
FN:199,206,_ZN9__gnu_cxx11char_traitsIcE6lengthEPKc
FN:366,371,_ZNSt11char_traitsIcE2ltERKcS2_
FN:374,390,_ZNSt11char_traitsIcE7compareEPKcS2_m
FN:393,400,_ZNSt11char_traitsIcE6lengthEPKc
FN:427,436,_ZNSt11char_traitsIcE4copyEPcPKcm
FNDA:0,_ZN9__gnu_cxx11char_traitsIcE2eqERKcS3_
FNDA:0,_ZN9__gnu_cxx11char_traitsIcE6lengthEPKc
FNDA:0,_ZNSt11char_traitsIcE2ltERKcS2_
FNDA:20,_ZNSt11char_traitsIcE7compareEPKcS2_m
FNDA:312,_ZNSt11char_traitsIcE6lengthEPKc
FNDA:0,_ZNSt11char_traitsIcE4copyEPcPKcm
FNF:6
FNH:2
DA:136,0
DA:137,0
DA:199,0
DA:202,0
DA:203,0
DA:204,0
DA:205,0
DA:366,0
DA:369,0
DA:370,0
DA:374,20
DA:376,20
DA:377,0
DA:379,20
DA:381,0
DA:382,0
DA:383,0
DA:384,0
DA:385,0
DA:386,0
DA:389,20
DA:393,312
DA:396,312
DA:397,0
DA:399,312
DA:427,0
DA:429,0
DA:430,0
DA:435,0
LF:29
LH:7
end_of_record
TN:
SF:/usr/include/c++/13/bits/enable_special_members.h
FN:67,67,_ZNSt27_Enable_default_constructorILb1ENSt8__detail15_Hash_node_baseEEC2ESt31_Enable_default_constructor_tag
FNDA:56,_ZNSt27_Enable_default_constructorILb1ENSt8__detail15_Hash_node_baseEEC2ESt31_Enable_default_constructor_tag
FNF:1
FNH:1
DA:67,56
LF:1
LH:1
end_of_record
TN:
SF:/usr/include/c++/13/bits/functional_hash.h
FN:166,166,_ZNKSt4hashIjEclEj
FN:92,96,_ZNKSt11__hash_enumI11HarmanStateLb1EEclES0_
FN:92,96,_ZNKSt11__hash_enumI12QuectelStateLb1EEclES0_
FNDA:672,_ZNKSt4hashIjEclEj
FNDA:336,_ZNKSt11__hash_enumI11HarmanStateLb1EEclES0_
FNDA:336,_ZNKSt11__hash_enumI12QuectelStateLb1EEclES0_
FNF:3
FNH:3
DA:92,672
DA:95,672
DA:166,672
LF:3
LH:3
end_of_record
TN:
SF:/usr/include/c++/13/bits/hashtable.h
FN:1189,1201,_ZNSt10_HashtableI11HarmanStateSt4pairIKS0_NSt7__cxx1112basic_stringIcSt11char_traitsIcESaIcEEEESaIS9_ENSt8__detail10_Select1stESt8equal_toIS0_ESt4hashIS0_ENSB_18_Mod_range_hashingENSB_20_Default_ranged_hashENSB_20_Prime_rehash_policyENSB_17_Hashtable_traitsILb0ELb0ELb1EEEEC2EmRKSG_RKSE_RKSA_
FN:1189,1201,_ZNSt10_HashtableI12QuectelStateSt4pairIKS0_11HarmanStateESaIS4_ENSt8__detail10_Select1stESt8equal_toIS0_ESt4hashIS0_ENS6_18_Mod_range_hashingENS6_20_Default_ranged_hashENS6_20_Prime_rehash_policyENS6_17_Hashtable_traitsILb0ELb0ELb1EEEEC2EmRKSB_RKS9_RKS5_
FN:1208,1215,_ZNSt10_HashtableI11HarmanStateSt4pairIKS0_NSt7__cxx1112basic_stringIcSt11char_traitsIcESaIcEEEESaIS9_ENSt8__detail10_Select1stESt8equal_toIS0_ESt4hashIS0_ENSB_18_Mod_range_hashingENSB_20_Default_ranged_hashENSB_20_Prime_rehash_policyENSB_17_Hashtable_traitsILb0ELb0ELb1EEEEC2IPKS9_EET_SQ_mRKSG_RKSE_RKSA_St17integral_constantIbLb1EE
FN:1208,1215,_ZNSt10_HashtableI12QuectelStateSt4pairIKS0_11HarmanStateESaIS4_ENSt8__detail10_Select1stESt8equal_toIS0_ESt4hashIS0_ENS6_18_Mod_range_hashingENS6_20_Default_ranged_hashENS6_20_Prime_rehash_policyENS6_17_Hashtable_traitsILb0ELb0ELb1EEEEC2IPKS4_EET_SL_mRKSB_RKS9_RKS5_St17integral_constantIbLb1EE
FN:1595,1610,_ZNSt10_HashtableI11HarmanStateSt4pairIKS0_NSt7__cxx1112basic_stringIcSt11char_traitsIcESaIcEEEESaIS9_ENSt8__detail10_Select1stESt8equal_toIS0_ESt4hashIS0_ENSB_18_Mod_range_hashingENSB_20_Default_ranged_hashENSB_20_Prime_rehash_policyENSB_17_Hashtable_traitsILb0ELb0ELb1EEEED2Ev
FN:1595,1610,_ZNSt10_HashtableI12QuectelStateSt4pairIKS0_11HarmanStateESaIS4_ENSt8__detail10_Select1stESt8equal_toIS0_ESt4hashIS0_ENS6_18_Mod_range_hashingENS6_20_Default_ranged_hashENS6_20_Prime_rehash_policyENS6_17_Hashtable_traitsILb0ELb0ELb1EEEED2Ev
FN:1948,1970,_ZNKSt10_HashtableI11HarmanStateSt4pairIKS0_NSt7__cxx1112basic_stringIcSt11char_traitsIcESaIcEEEESaIS9_ENSt8__detail10_Select1stESt8equal_toIS0_ESt4hashIS0_ENSB_18_Mod_range_hashingENSB_20_Default_ranged_hashENSB_20_Prime_rehash_policyENSB_17_Hashtable_traitsILb0ELb0ELb1EEEE19_M_find_before_nodeEmRS2_m
FN:1948,1970,_ZNKSt10_HashtableI12QuectelStateSt4pairIKS0_11HarmanStateESaIS4_ENSt8__detail10_Select1stESt8equal_toIS0_ESt4hashIS0_ENS6_18_Mod_range_hashingENS6_20_Default_ranged_hashENS6_20_Prime_rehash_policyENS6_17_Hashtable_traitsILb0ELb0ELb1EEEE19_M_find_before_nodeEmRS2_m
FN:1978,2000,_ZNKSt10_HashtableI11HarmanStateSt4pairIKS0_NSt7__cxx1112basic_stringIcSt11char_traitsIcESaIcEEEESaIS9_ENSt8__detail10_Select1stESt8equal_toIS0_ESt4hashIS0_ENSB_18_Mod_range_hashingENSB_20_Default_ranged_hashENSB_20_Prime_rehash_policyENSB_17_Hashtable_traitsILb0ELb0ELb1EEEE22_M_find_before_node_trIS0_EEPNSB_15_Hash_node_baseEmRKT_m
FN:1978,2000,_ZNKSt10_HashtableI12QuectelStateSt4pairIKS0_11HarmanStateESaIS4_ENSt8__detail10_Select1stESt8equal_toIS0_ESt4hashIS0_ENS6_18_Mod_range_hashingENS6_20_Default_ranged_hashENS6_20_Prime_rehash_policyENS6_17_Hashtable_traitsILb0ELb0ELb1EEEE22_M_find_before_node_trIS0_EEPNS6_15_Hash_node_baseEmRKT_m
FN:2007,2033,_ZNSt10_HashtableI11HarmanStateSt4pairIKS0_NSt7__cxx1112basic_stringIcSt11char_traitsIcESaIcEEEESaIS9_ENSt8__detail10_Select1stESt8equal_toIS0_ESt4hashIS0_ENSB_18_Mod_range_hashingENSB_20_Default_ranged_hashENSB_20_Prime_rehash_policyENSB_17_Hashtable_traitsILb0ELb0ELb1EEEE22_M_insert_bucket_beginEmPNSB_10_Hash_nodeIS9_Lb0EEE
FN:2007,2033,_ZNSt10_HashtableI12QuectelStateSt4pairIKS0_11HarmanStateESaIS4_ENSt8__detail10_Select1stESt8equal_toIS0_ESt4hashIS0_ENS6_18_Mod_range_hashingENS6_20_Default_ranged_hashENS6_20_Prime_rehash_policyENS6_17_Hashtable_traitsILb0ELb0ELb1EEEE22_M_insert_bucket_beginEmPNS6_10_Hash_nodeIS4_Lb0EEE
FN:2166,2189,_ZNSt10_HashtableI11HarmanStateSt4pairIKS0_NSt7__cxx1112basic_stringIcSt11char_traitsIcESaIcEEEESaIS9_ENSt8__detail10_Select1stESt8equal_toIS0_ESt4hashIS0_ENSB_18_Mod_range_hashingENSB_20_Default_ranged_hashENSB_20_Prime_rehash_policyENSB_17_Hashtable_traitsILb0ELb0ELb1EEEE21_M_insert_unique_nodeEmmPNSB_10_Hash_nodeIS9_Lb0EEEm
FN:2166,2189,_ZNSt10_HashtableI12QuectelStateSt4pairIKS0_11HarmanStateESaIS4_ENSt8__detail10_Select1stESt8equal_toIS0_ESt4hashIS0_ENS6_18_Mod_range_hashingENS6_20_Default_ranged_hashENS6_20_Prime_rehash_policyENS6_17_Hashtable_traitsILb0ELb0ELb1EEEE21_M_insert_unique_nodeEmmPNS6_10_Hash_nodeIS4_Lb0EEEm
FN:2253,2281,_ZNSt10_HashtableI11HarmanStateSt4pairIKS0_NSt7__cxx1112basic_stringIcSt11char_traitsIcESaIcEEEESaIS9_ENSt8__detail10_Select1stESt8equal_toIS0_ESt4hashIS0_ENSB_18_Mod_range_hashingENSB_20_Default_ranged_hashENSB_20_Prime_rehash_policyENSB_17_Hashtable_traitsILb0ELb0ELb1EEEE16_M_insert_uniqueIRS2_RKS9_NSB_10_AllocNodeISaINSB_10_Hash_nodeIS9_Lb0EEEEEEEES1_INSB_14_Node_iteratorIS9_Lb0ELb0EEEbEOT_OT0_RKT1_
FN:2253,2281,_ZNSt10_HashtableI12QuectelStateSt4pairIKS0_11HarmanStateESaIS4_ENSt8__detail10_Select1stESt8equal_toIS0_ESt4hashIS0_ENS6_18_Mod_range_hashingENS6_20_Default_ranged_hashENS6_20_Prime_rehash_policyENS6_17_Hashtable_traitsILb0ELb0ELb1EEEE16_M_insert_uniqueIRS2_RKS4_NS6_10_AllocNodeISaINS6_10_Hash_nodeIS4_Lb0EEEEEEEES1_INS6_14_Node_iteratorIS4_Lb0ELb0EEEbEOT_OT0_RKT1_
FN:2520,2529,_ZNSt10_HashtableI11HarmanStateSt4pairIKS0_NSt7__cxx1112basic_stringIcSt11char_traitsIcESaIcEEEESaIS9_ENSt8__detail10_Select1stESt8equal_toIS0_ESt4hashIS0_ENSB_18_Mod_range_hashingENSB_20_Default_ranged_hashENSB_20_Prime_rehash_policyENSB_17_Hashtable_traitsILb0ELb0ELb1EEEE5clearEv
FN:2520,2529,_ZNSt10_HashtableI12QuectelStateSt4pairIKS0_11HarmanStateESaIS4_ENSt8__detail10_Select1stESt8equal_toIS0_ESt4hashIS0_ENS6_18_Mod_range_hashingENS6_20_Default_ranged_hashENS6_20_Prime_rehash_policyENS6_17_Hashtable_traitsILb0ELb0ELb1EEEE5clearEv
FN:2559,2574,_ZNSt10_HashtableI11HarmanStateSt4pairIKS0_NSt7__cxx1112basic_stringIcSt11char_traitsIcESaIcEEEESaIS9_ENSt8__detail10_Select1stESt8equal_toIS0_ESt4hashIS0_ENSB_18_Mod_range_hashingENSB_20_Default_ranged_hashENSB_20_Prime_rehash_policyENSB_17_Hashtable_traitsILb0ELb0ELb1EEEE9_M_rehashEmRKm
FN:2559,2574,_ZNSt10_HashtableI12QuectelStateSt4pairIKS0_11HarmanStateESaIS4_ENSt8__detail10_Select1stESt8equal_toIS0_ESt4hashIS0_ENS6_18_Mod_range_hashingENS6_20_Default_ranged_hashENS6_20_Prime_rehash_policyENS6_17_Hashtable_traitsILb0ELb0ELb1EEEE9_M_rehashEmRKm
FN:2582,2616,_ZNSt10_HashtableI11HarmanStateSt4pairIKS0_NSt7__cxx1112basic_stringIcSt11char_traitsIcESaIcEEEESaIS9_ENSt8__detail10_Select1stESt8equal_toIS0_ESt4hashIS0_ENSB_18_Mod_range_hashingENSB_20_Default_ranged_hashENSB_20_Prime_rehash_policyENSB_17_Hashtable_traitsILb0ELb0ELb1EEEE13_M_rehash_auxEmSt17integral_constantIbLb1EE
FN:2582,2616,_ZNSt10_HashtableI12QuectelStateSt4pairIKS0_11HarmanStateESaIS4_ENSt8__detail10_Select1stESt8equal_toIS0_ESt4hashIS0_ENS6_18_Mod_range_hashingENS6_20_Default_ranged_hashENS6_20_Prime_rehash_policyENS6_17_Hashtable_traitsILb0ELb0ELb1EEEE13_M_rehash_auxEmSt17integral_constantIbLb1EE
FN:300,301,_ZNSt10_HashtableI11HarmanStateSt4pairIKS0_NSt7__cxx1112basic_stringIcSt11char_traitsIcESaIcEEEESaIS9_ENSt8__detail10_Select1stESt8equal_toIS0_ESt4hashIS0_ENSB_18_Mod_range_hashingENSB_20_Default_ranged_hashENSB_20_Prime_rehash_policyENSB_17_Hashtable_traitsILb0ELb0ELb1EEEE12_Scoped_nodeC2EPNSB_10_Hash_nodeIS9_Lb0EEEPNSB_16_Hashtable_allocISaISP_EEE
FN:300,301,_ZNSt10_HashtableI12QuectelStateSt4pairIKS0_11HarmanStateESaIS4_ENSt8__detail10_Select1stESt8equal_toIS0_ESt4hashIS0_ENS6_18_Mod_range_hashingENS6_20_Default_ranged_hashENS6_20_Prime_rehash_policyENS6_17_Hashtable_traitsILb0ELb0ELb1EEEE12_Scoped_nodeC2EPNS6_10_Hash_nodeIS4_Lb0EEEPNS6_16_Hashtable_allocISaISK_EEE
FN:305,308,_ZNSt10_HashtableI11HarmanStateSt4pairIKS0_NSt7__cxx1112basic_stringIcSt11char_traitsIcESaIcEEEESaIS9_ENSt8__detail10_Select1stESt8equal_toIS0_ESt4hashIS0_ENSB_18_Mod_range_hashingENSB_20_Default_ranged_hashENSB_20_Prime_rehash_policyENSB_17_Hashtable_traitsILb0ELb0ELb1EEEE12_Scoped_nodeC2IJRKSt21piecewise_construct_tSt5tupleIJRS2_EESS_IJEEEEEPNSB_16_Hashtable_allocISaINSB_10_Hash_nodeIS9_Lb0EEEEEEDpOT_
FN:305,308,_ZNSt10_HashtableI12QuectelStateSt4pairIKS0_11HarmanStateESaIS4_ENSt8__detail10_Select1stESt8equal_toIS0_ESt4hashIS0_ENS6_18_Mod_range_hashingENS6_20_Default_ranged_hashENS6_20_Prime_rehash_policyENS6_17_Hashtable_traitsILb0ELb0ELb1EEEE12_Scoped_nodeC2IJRKSt21piecewise_construct_tSt5tupleIJRS2_EESN_IJEEEEEPNS6_16_Hashtable_allocISaINS6_10_Hash_nodeIS4_Lb0EEEEEEDpOT_
FN:311,311,_ZNSt10_HashtableI11HarmanStateSt4pairIKS0_NSt7__cxx1112basic_stringIcSt11char_traitsIcESaIcEEEESaIS9_ENSt8__detail10_Select1stESt8equal_toIS0_ESt4hashIS0_ENSB_18_Mod_range_hashingENSB_20_Default_ranged_hashENSB_20_Prime_rehash_policyENSB_17_Hashtable_traitsILb0ELb0ELb1EEEE12_Scoped_nodeD2Ev
FN:311,311,_ZNSt10_HashtableI12QuectelStateSt4pairIKS0_11HarmanStateESaIS4_ENSt8__detail10_Select1stESt8equal_toIS0_ESt4hashIS0_ENS6_18_Mod_range_hashingENS6_20_Default_ranged_hashENS6_20_Prime_rehash_policyENS6_17_Hashtable_traitsILb0ELb0ELb1EEEE12_Scoped_nodeD2Ev
FN:416,417,_ZNKSt10_HashtableI11HarmanStateSt4pairIKS0_NSt7__cxx1112basic_stringIcSt11char_traitsIcESaIcEEEESaIS9_ENSt8__detail10_Select1stESt8equal_toIS0_ESt4hashIS0_ENSB_18_Mod_range_hashingENSB_20_Default_ranged_hashENSB_20_Prime_rehash_policyENSB_17_Hashtable_traitsILb0ELb0ELb1EEEE21_M_uses_single_bucketEPPNSB_15_Hash_node_baseE
FN:416,417,_ZNKSt10_HashtableI12QuectelStateSt4pairIKS0_11HarmanStateESaIS4_ENSt8__detail10_Select1stESt8equal_toIS0_ESt4hashIS0_ENS6_18_Mod_range_hashingENS6_20_Default_ranged_hashENS6_20_Prime_rehash_policyENS6_17_Hashtable_traitsILb0ELb0ELb1EEEE21_M_uses_single_bucketEPPNS6_15_Hash_node_baseE
FN:424,428,_ZNSt10_HashtableI11HarmanStateSt4pairIKS0_NSt7__cxx1112basic_stringIcSt11char_traitsIcESaIcEEEESaIS9_ENSt8__detail10_Select1stESt8equal_toIS0_ESt4hashIS0_ENSB_18_Mod_range_hashingENSB_20_Default_ranged_hashENSB_20_Prime_rehash_policyENSB_17_Hashtable_traitsILb0ELb0ELb1EEEE22__small_size_thresholdEv
FN:424,428,_ZNSt10_HashtableI12QuectelStateSt4pairIKS0_11HarmanStateESaIS4_ENSt8__detail10_Select1stESt8equal_toIS0_ESt4hashIS0_ENS6_18_Mod_range_hashingENS6_20_Default_ranged_hashENS6_20_Prime_rehash_policyENS6_17_Hashtable_traitsILb0ELb0ELb1EEEE22__small_size_thresholdEv
FN:434,443,_ZNSt10_HashtableI11HarmanStateSt4pairIKS0_NSt7__cxx1112basic_stringIcSt11char_traitsIcESaIcEEEESaIS9_ENSt8__detail10_Select1stESt8equal_toIS0_ESt4hashIS0_ENSB_18_Mod_range_hashingENSB_20_Default_ranged_hashENSB_20_Prime_rehash_policyENSB_17_Hashtable_traitsILb0ELb0ELb1EEEE19_M_allocate_bucketsEm
FN:434,443,_ZNSt10_HashtableI12QuectelStateSt4pairIKS0_11HarmanStateESaIS4_ENSt8__detail10_Select1stESt8equal_toIS0_ESt4hashIS0_ENS6_18_Mod_range_hashingENS6_20_Default_ranged_hashENS6_20_Prime_rehash_policyENS6_17_Hashtable_traitsILb0ELb0ELb1EEEE19_M_allocate_bucketsEm
FN:446,452,_ZNSt10_HashtableI11HarmanStateSt4pairIKS0_NSt7__cxx1112basic_stringIcSt11char_traitsIcESaIcEEEESaIS9_ENSt8__detail10_Select1stESt8equal_toIS0_ESt4hashIS0_ENSB_18_Mod_range_hashingENSB_20_Default_ranged_hashENSB_20_Prime_rehash_policyENSB_17_Hashtable_traitsILb0ELb0ELb1EEEE21_M_deallocate_bucketsEPPNSB_15_Hash_node_baseEm
FN:446,452,_ZNSt10_HashtableI12QuectelStateSt4pairIKS0_11HarmanStateESaIS4_ENSt8__detail10_Select1stESt8equal_toIS0_ESt4hashIS0_ENS6_18_Mod_range_hashingENS6_20_Default_ranged_hashENS6_20_Prime_rehash_policyENS6_17_Hashtable_traitsILb0ELb0ELb1EEEE21_M_deallocate_bucketsEPPNS6_15_Hash_node_baseEm
FN:455,456,_ZNSt10_HashtableI11HarmanStateSt4pairIKS0_NSt7__cxx1112basic_stringIcSt11char_traitsIcESaIcEEEESaIS9_ENSt8__detail10_Select1stESt8equal_toIS0_ESt4hashIS0_ENSB_18_Mod_range_hashingENSB_20_Default_ranged_hashENSB_20_Prime_rehash_policyENSB_17_Hashtable_traitsILb0ELb0ELb1EEEE21_M_deallocate_bucketsEv
FN:455,456,_ZNSt10_HashtableI12QuectelStateSt4pairIKS0_11HarmanStateESaIS4_ENSt8__detail10_Select1stESt8equal_toIS0_ESt4hashIS0_ENS6_18_Mod_range_hashingENS6_20_Default_ranged_hashENS6_20_Prime_rehash_policyENS6_17_Hashtable_traitsILb0ELb0ELb1EEEE21_M_deallocate_bucketsEv
FN:464,465,_ZNKSt10_HashtableI11HarmanStateSt4pairIKS0_NSt7__cxx1112basic_stringIcSt11char_traitsIcESaIcEEEESaIS9_ENSt8__detail10_Select1stESt8equal_toIS0_ESt4hashIS0_ENSB_18_Mod_range_hashingENSB_20_Default_ranged_hashENSB_20_Prime_rehash_policyENSB_17_Hashtable_traitsILb0ELb0ELb1EEEE8_M_beginEv
FN:464,465,_ZNKSt10_HashtableI12QuectelStateSt4pairIKS0_11HarmanStateESaIS4_ENSt8__detail10_Select1stESt8equal_toIS0_ESt4hashIS0_ENS6_18_Mod_range_hashingENS6_20_Default_ranged_hashENS6_20_Prime_rehash_policyENS6_17_Hashtable_traitsILb0ELb0ELb1EEEE8_M_beginEv
FN:486,491,_ZNSt10_HashtableI11HarmanStateSt4pairIKS0_NSt7__cxx1112basic_stringIcSt11char_traitsIcESaIcEEEESaIS9_ENSt8__detail10_Select1stESt8equal_toIS0_ESt4hashIS0_ENSB_18_Mod_range_hashingENSB_20_Default_ranged_hashENSB_20_Prime_rehash_policyENSB_17_Hashtable_traitsILb0ELb0ELb1EEEEC2ERKSG_RKSE_RKSA_
FN:486,491,_ZNSt10_HashtableI12QuectelStateSt4pairIKS0_11HarmanStateESaIS4_ENSt8__detail10_Select1stESt8equal_toIS0_ESt4hashIS0_ENS6_18_Mod_range_hashingENS6_20_Default_ranged_hashENS6_20_Prime_rehash_policyENS6_17_Hashtable_traitsILb0ELb0ELb1EEEEC2ERKSB_RKS9_RKS5_
FN:571,578,_ZNSt10_HashtableI11HarmanStateSt4pairIKS0_NSt7__cxx1112basic_stringIcSt11char_traitsIcESaIcEEEESaIS9_ENSt8__detail10_Select1stESt8equal_toIS0_ESt4hashIS0_ENSB_18_Mod_range_hashingENSB_20_Default_ranged_hashENSB_20_Prime_rehash_policyENSB_17_Hashtable_traitsILb0ELb0ELb1EEEEC2ESt16initializer_listIS9_EmRKSG_RKSE_RKSA_
FN:571,578,_ZNSt10_HashtableI12QuectelStateSt4pairIKS0_11HarmanStateESaIS4_ENSt8__detail10_Select1stESt8equal_toIS0_ESt4hashIS0_ENS6_18_Mod_range_hashingENS6_20_Default_ranged_hashENS6_20_Prime_rehash_policyENS6_17_Hashtable_traitsILb0ELb0ELb1EEEEC2ESt16initializer_listIS4_EmRKSB_RKS9_RKS5_
FN:623,624,_ZNSt10_HashtableI11HarmanStateSt4pairIKS0_NSt7__cxx1112basic_stringIcSt11char_traitsIcESaIcEEEESaIS9_ENSt8__detail10_Select1stESt8equal_toIS0_ESt4hashIS0_ENSB_18_Mod_range_hashingENSB_20_Default_ranged_hashENSB_20_Prime_rehash_policyENSB_17_Hashtable_traitsILb0ELb0ELb1EEEE5beginEv
FN:623,624,_ZNSt10_HashtableI12QuectelStateSt4pairIKS0_11HarmanStateESaIS4_ENSt8__detail10_Select1stESt8equal_toIS0_ESt4hashIS0_ENS6_18_Mod_range_hashingENS6_20_Default_ranged_hashENS6_20_Prime_rehash_policyENS6_17_Hashtable_traitsILb0ELb0ELb1EEEE5beginEv
FN:631,632,_ZNSt10_HashtableI11HarmanStateSt4pairIKS0_NSt7__cxx1112basic_stringIcSt11char_traitsIcESaIcEEEESaIS9_ENSt8__detail10_Select1stESt8equal_toIS0_ESt4hashIS0_ENSB_18_Mod_range_hashingENSB_20_Default_ranged_hashENSB_20_Prime_rehash_policyENSB_17_Hashtable_traitsILb0ELb0ELb1EEEE3endEv
FN:631,632,_ZNSt10_HashtableI12QuectelStateSt4pairIKS0_11HarmanStateESaIS4_ENSt8__detail10_Select1stESt8equal_toIS0_ESt4hashIS0_ENS6_18_Mod_range_hashingENS6_20_Default_ranged_hashENS6_20_Prime_rehash_policyENS6_17_Hashtable_traitsILb0ELb0ELb1EEEE3endEv
FN:647,648,_ZNKSt10_HashtableI11HarmanStateSt4pairIKS0_NSt7__cxx1112basic_stringIcSt11char_traitsIcESaIcEEEESaIS9_ENSt8__detail10_Select1stESt8equal_toIS0_ESt4hashIS0_ENSB_18_Mod_range_hashingENSB_20_Default_ranged_hashENSB_20_Prime_rehash_policyENSB_17_Hashtable_traitsILb0ELb0ELb1EEEE4sizeEv
FN:647,648,_ZNKSt10_HashtableI12QuectelStateSt4pairIKS0_11HarmanStateESaIS4_ENSt8__detail10_Select1stESt8equal_toIS0_ESt4hashIS0_ENS6_18_Mod_range_hashingENS6_20_Default_ranged_hashENS6_20_Prime_rehash_policyENS6_17_Hashtable_traitsILb0ELb0ELb1EEEE4sizeEv
FN:792,793,_ZNKSt10_HashtableI11HarmanStateSt4pairIKS0_NSt7__cxx1112basic_stringIcSt11char_traitsIcESaIcEEEESaIS9_ENSt8__detail10_Select1stESt8equal_toIS0_ESt4hashIS0_ENSB_18_Mod_range_hashingENSB_20_Default_ranged_hashENSB_20_Prime_rehash_policyENSB_17_Hashtable_traitsILb0ELb0ELb1EEEE15_M_bucket_indexERKNSB_16_Hash_node_valueIS9_Lb0EEE
FN:792,793,_ZNKSt10_HashtableI12QuectelStateSt4pairIKS0_11HarmanStateESaIS4_ENSt8__detail10_Select1stESt8equal_toIS0_ESt4hashIS0_ENS6_18_Mod_range_hashingENS6_20_Default_ranged_hashENS6_20_Prime_rehash_policyENS6_17_Hashtable_traitsILb0ELb0ELb1EEEE15_M_bucket_indexERKNS6_16_Hash_node_valueIS4_Lb0EEE
FN:796,797,_ZNKSt10_HashtableI11HarmanStateSt4pairIKS0_NSt7__cxx1112basic_stringIcSt11char_traitsIcESaIcEEEESaIS9_ENSt8__detail10_Select1stESt8equal_toIS0_ESt4hashIS0_ENSB_18_Mod_range_hashingENSB_20_Default_ranged_hashENSB_20_Prime_rehash_policyENSB_17_Hashtable_traitsILb0ELb0ELb1EEEE15_M_bucket_indexEm
FN:796,797,_ZNKSt10_HashtableI12QuectelStateSt4pairIKS0_11HarmanStateESaIS4_ENSt8__detail10_Select1stESt8equal_toIS0_ESt4hashIS0_ENS6_18_Mod_range_hashingENS6_20_Default_ranged_hashENS6_20_Prime_rehash_policyENS6_17_Hashtable_traitsILb0ELb0ELb1EEEE15_M_bucket_indexEm
FN:812,819,_ZNKSt10_HashtableI11HarmanStateSt4pairIKS0_NSt7__cxx1112basic_stringIcSt11char_traitsIcESaIcEEEESaIS9_ENSt8__detail10_Select1stESt8equal_toIS0_ESt4hashIS0_ENSB_18_Mod_range_hashingENSB_20_Default_ranged_hashENSB_20_Prime_rehash_policyENSB_17_Hashtable_traitsILb0ELb0ELb1EEEE12_M_find_nodeEmRS2_m
FN:812,819,_ZNKSt10_HashtableI12QuectelStateSt4pairIKS0_11HarmanStateESaIS4_ENSt8__detail10_Select1stESt8equal_toIS0_ESt4hashIS0_ENS6_18_Mod_range_hashingENS6_20_Default_ranged_hashENS6_20_Prime_rehash_policyENS6_17_Hashtable_traitsILb0ELb0ELb1EEEE12_M_find_nodeEmRS2_m
FN:823,830,_ZNKSt10_HashtableI11HarmanStateSt4pairIKS0_NSt7__cxx1112basic_stringIcSt11char_traitsIcESaIcEEEESaIS9_ENSt8__detail10_Select1stESt8equal_toIS0_ESt4hashIS0_ENSB_18_Mod_range_hashingENSB_20_Default_ranged_hashENSB_20_Prime_rehash_policyENSB_17_Hashtable_traitsILb0ELb0ELb1EEEE15_M_find_node_trIS0_EEPNSB_10_Hash_nodeIS9_Lb0EEEmRKT_m
FN:823,830,_ZNKSt10_HashtableI12QuectelStateSt4pairIKS0_11HarmanStateESaIS4_ENSt8__detail10_Select1stESt8equal_toIS0_ESt4hashIS0_ENS6_18_Mod_range_hashingENS6_20_Default_ranged_hashENS6_20_Prime_rehash_policyENS6_17_Hashtable_traitsILb0ELb0ELb1EEEE15_M_find_node_trIS0_EEPNS6_10_Hash_nodeIS4_Lb0EEEmRKT_m
FN:893,894,_ZNSt10_HashtableI11HarmanStateSt4pairIKS0_NSt7__cxx1112basic_stringIcSt11char_traitsIcESaIcEEEESaIS9_ENSt8__detail10_Select1stESt8equal_toIS0_ESt4hashIS0_ENSB_18_Mod_range_hashingENSB_20_Default_ranged_hashENSB_20_Prime_rehash_policyENSB_17_Hashtable_traitsILb0ELb0ELb1EEEE14_S_forward_keyERS2_
FN:893,894,_ZNSt10_HashtableI12QuectelStateSt4pairIKS0_11HarmanStateESaIS4_ENSt8__detail10_Select1stESt8equal_toIS0_ESt4hashIS0_ENS6_18_Mod_range_hashingENS6_20_Default_ranged_hashENS6_20_Prime_rehash_policyENS6_17_Hashtable_traitsILb0ELb0ELb1EEEE14_S_forward_keyERS2_
FN:902,907,_ZNSt10_HashtableI11HarmanStateSt4pairIKS0_NSt7__cxx1112basic_stringIcSt11char_traitsIcESaIcEEEESaIS9_ENSt8__detail10_Select1stESt8equal_toIS0_ESt4hashIS0_ENSB_18_Mod_range_hashingENSB_20_Default_ranged_hashENSB_20_Prime_rehash_policyENSB_17_Hashtable_traitsILb0ELb0ELb1EEEE20_M_insert_unique_auxIRKS9_NSB_10_AllocNodeISaINSB_10_Hash_nodeIS9_Lb0EEEEEEEES1_INSB_14_Node_iteratorIS9_Lb0ELb0EEEbEOT_RKT0_
FN:902,907,_ZNSt10_HashtableI12QuectelStateSt4pairIKS0_11HarmanStateESaIS4_ENSt8__detail10_Select1stESt8equal_toIS0_ESt4hashIS0_ENS6_18_Mod_range_hashingENS6_20_Default_ranged_hashENS6_20_Prime_rehash_policyENS6_17_Hashtable_traitsILb0ELb0ELb1EEEE20_M_insert_unique_auxIRKS4_NS6_10_AllocNodeISaINS6_10_Hash_nodeIS4_Lb0EEEEEEEES1_INS6_14_Node_iteratorIS4_Lb0ELb0EEEbEOT_RKT0_
FN:911,918,_ZNSt10_HashtableI11HarmanStateSt4pairIKS0_NSt7__cxx1112basic_stringIcSt11char_traitsIcESaIcEEEESaIS9_ENSt8__detail10_Select1stESt8equal_toIS0_ESt4hashIS0_ENSB_18_Mod_range_hashingENSB_20_Default_ranged_hashENSB_20_Prime_rehash_policyENSB_17_Hashtable_traitsILb0ELb0ELb1EEEE9_M_insertIRKS9_NSB_10_AllocNodeISaINSB_10_Hash_nodeIS9_Lb0EEEEEEEES1_INSB_14_Node_iteratorIS9_Lb0ELb0EEEbEOT_RKT0_St17integral_constantIbLb1EE
FN:911,918,_ZNSt10_HashtableI12QuectelStateSt4pairIKS0_11HarmanStateESaIS4_ENSt8__detail10_Select1stESt8equal_toIS0_ESt4hashIS0_ENS6_18_Mod_range_hashingENS6_20_Default_ranged_hashENS6_20_Prime_rehash_policyENS6_17_Hashtable_traitsILb0ELb0ELb1EEEE9_M_insertIRKS4_NS6_10_AllocNodeISaINS6_10_Hash_nodeIS4_Lb0EEEEEEEES1_INS6_14_Node_iteratorIS4_Lb0ELb0EEEbEOT_RKT0_St17integral_constantIbLb1EE
FNDA:28,_ZNSt10_HashtableI11HarmanStateSt4pairIKS0_NSt7__cxx1112basic_stringIcSt11char_traitsIcESaIcEEEESaIS9_ENSt8__detail10_Select1stESt8equal_toIS0_ESt4hashIS0_ENSB_18_Mod_range_hashingENSB_20_Default_ranged_hashENSB_20_Prime_rehash_policyENSB_17_Hashtable_traitsILb0ELb0ELb1EEEEC2EmRKSG_RKSE_RKSA_
FNDA:28,_ZNSt10_HashtableI12QuectelStateSt4pairIKS0_11HarmanStateESaIS4_ENSt8__detail10_Select1stESt8equal_toIS0_ESt4hashIS0_ENS6_18_Mod_range_hashingENS6_20_Default_ranged_hashENS6_20_Prime_rehash_policyENS6_17_Hashtable_traitsILb0ELb0ELb1EEEEC2EmRKSB_RKS9_RKS5_
FNDA:28,_ZNSt10_HashtableI11HarmanStateSt4pairIKS0_NSt7__cxx1112basic_stringIcSt11char_traitsIcESaIcEEEESaIS9_ENSt8__detail10_Select1stESt8equal_toIS0_ESt4hashIS0_ENSB_18_Mod_range_hashingENSB_20_Default_ranged_hashENSB_20_Prime_rehash_policyENSB_17_Hashtable_traitsILb0ELb0ELb1EEEEC2IPKS9_EET_SQ_mRKSG_RKSE_RKSA_St17integral_constantIbLb1EE
FNDA:28,_ZNSt10_HashtableI12QuectelStateSt4pairIKS0_11HarmanStateESaIS4_ENSt8__detail10_Select1stESt8equal_toIS0_ESt4hashIS0_ENS6_18_Mod_range_hashingENS6_20_Default_ranged_hashENS6_20_Prime_rehash_policyENS6_17_Hashtable_traitsILb0ELb0ELb1EEEEC2IPKS4_EET_SL_mRKSB_RKS9_RKS5_St17integral_constantIbLb1EE
FNDA:28,_ZNSt10_HashtableI11HarmanStateSt4pairIKS0_NSt7__cxx1112basic_stringIcSt11char_traitsIcESaIcEEEESaIS9_ENSt8__detail10_Select1stESt8equal_toIS0_ESt4hashIS0_ENSB_18_Mod_range_hashingENSB_20_Default_ranged_hashENSB_20_Prime_rehash_policyENSB_17_Hashtable_traitsILb0ELb0ELb1EEEED2Ev
FNDA:28,_ZNSt10_HashtableI12QuectelStateSt4pairIKS0_11HarmanStateESaIS4_ENSt8__detail10_Select1stESt8equal_toIS0_ESt4hashIS0_ENS6_18_Mod_range_hashingENS6_20_Default_ranged_hashENS6_20_Prime_rehash_policyENS6_17_Hashtable_traitsILb0ELb0ELb1EEEED2Ev
FNDA:28,_ZNKSt10_HashtableI11HarmanStateSt4pairIKS0_NSt7__cxx1112basic_stringIcSt11char_traitsIcESaIcEEEESaIS9_ENSt8__detail10_Select1stESt8equal_toIS0_ESt4hashIS0_ENSB_18_Mod_range_hashingENSB_20_Default_ranged_hashENSB_20_Prime_rehash_policyENSB_17_Hashtable_traitsILb0ELb0ELb1EEEE19_M_find_before_nodeEmRS2_m
FNDA:28,_ZNKSt10_HashtableI12QuectelStateSt4pairIKS0_11HarmanStateESaIS4_ENSt8__detail10_Select1stESt8equal_toIS0_ESt4hashIS0_ENS6_18_Mod_range_hashingENS6_20_Default_ranged_hashENS6_20_Prime_rehash_policyENS6_17_Hashtable_traitsILb0ELb0ELb1EEEE19_M_find_before_nodeEmRS2_m
FNDA:140,_ZNKSt10_HashtableI11HarmanStateSt4pairIKS0_NSt7__cxx1112basic_stringIcSt11char_traitsIcESaIcEEEESaIS9_ENSt8__detail10_Select1stESt8equal_toIS0_ESt4hashIS0_ENSB_18_Mod_range_hashingENSB_20_Default_ranged_hashENSB_20_Prime_rehash_policyENSB_17_Hashtable_traitsILb0ELb0ELb1EEEE22_M_find_before_node_trIS0_EEPNSB_15_Hash_node_baseEmRKT_m
FNDA:140,_ZNKSt10_HashtableI12QuectelStateSt4pairIKS0_11HarmanStateESaIS4_ENSt8__detail10_Select1stESt8equal_toIS0_ESt4hashIS0_ENS6_18_Mod_range_hashingENS6_20_Default_ranged_hashENS6_20_Prime_rehash_policyENS6_17_Hashtable_traitsILb0ELb0ELb1EEEE22_M_find_before_node_trIS0_EEPNS6_15_Hash_node_baseEmRKT_m
FNDA:168,_ZNSt10_HashtableI11HarmanStateSt4pairIKS0_NSt7__cxx1112basic_stringIcSt11char_traitsIcESaIcEEEESaIS9_ENSt8__detail10_Select1stESt8equal_toIS0_ESt4hashIS0_ENSB_18_Mod_range_hashingENSB_20_Default_ranged_hashENSB_20_Prime_rehash_policyENSB_17_Hashtable_traitsILb0ELb0ELb1EEEE22_M_insert_bucket_beginEmPNSB_10_Hash_nodeIS9_Lb0EEE
FNDA:168,_ZNSt10_HashtableI12QuectelStateSt4pairIKS0_11HarmanStateESaIS4_ENSt8__detail10_Select1stESt8equal_toIS0_ESt4hashIS0_ENS6_18_Mod_range_hashingENS6_20_Default_ranged_hashENS6_20_Prime_rehash_policyENS6_17_Hashtable_traitsILb0ELb0ELb1EEEE22_M_insert_bucket_beginEmPNS6_10_Hash_nodeIS4_Lb0EEE
FNDA:168,_ZNSt10_HashtableI11HarmanStateSt4pairIKS0_NSt7__cxx1112basic_stringIcSt11char_traitsIcESaIcEEEESaIS9_ENSt8__detail10_Select1stESt8equal_toIS0_ESt4hashIS0_ENSB_18_Mod_range_hashingENSB_20_Default_ranged_hashENSB_20_Prime_rehash_policyENSB_17_Hashtable_traitsILb0ELb0ELb1EEEE21_M_insert_unique_nodeEmmPNSB_10_Hash_nodeIS9_Lb0EEEm
FNDA:168,_ZNSt10_HashtableI12QuectelStateSt4pairIKS0_11HarmanStateESaIS4_ENSt8__detail10_Select1stESt8equal_toIS0_ESt4hashIS0_ENS6_18_Mod_range_hashingENS6_20_Default_ranged_hashENS6_20_Prime_rehash_policyENS6_17_Hashtable_traitsILb0ELb0ELb1EEEE21_M_insert_unique_nodeEmmPNS6_10_Hash_nodeIS4_Lb0EEEm
FNDA:168,_ZNSt10_HashtableI11HarmanStateSt4pairIKS0_NSt7__cxx1112basic_stringIcSt11char_traitsIcESaIcEEEESaIS9_ENSt8__detail10_Select1stESt8equal_toIS0_ESt4hashIS0_ENSB_18_Mod_range_hashingENSB_20_Default_ranged_hashENSB_20_Prime_rehash_policyENSB_17_Hashtable_traitsILb0ELb0ELb1EEEE16_M_insert_uniqueIRS2_RKS9_NSB_10_AllocNodeISaINSB_10_Hash_nodeIS9_Lb0EEEEEEEES1_INSB_14_Node_iteratorIS9_Lb0ELb0EEEbEOT_OT0_RKT1_
FNDA:168,_ZNSt10_HashtableI12QuectelStateSt4pairIKS0_11HarmanStateESaIS4_ENSt8__detail10_Select1stESt8equal_toIS0_ESt4hashIS0_ENS6_18_Mod_range_hashingENS6_20_Default_ranged_hashENS6_20_Prime_rehash_policyENS6_17_Hashtable_traitsILb0ELb0ELb1EEEE16_M_insert_uniqueIRS2_RKS4_NS6_10_AllocNodeISaINS6_10_Hash_nodeIS4_Lb0EEEEEEEES1_INS6_14_Node_iteratorIS4_Lb0ELb0EEEbEOT_OT0_RKT1_
FNDA:28,_ZNSt10_HashtableI11HarmanStateSt4pairIKS0_NSt7__cxx1112basic_stringIcSt11char_traitsIcESaIcEEEESaIS9_ENSt8__detail10_Select1stESt8equal_toIS0_ESt4hashIS0_ENSB_18_Mod_range_hashingENSB_20_Default_ranged_hashENSB_20_Prime_rehash_policyENSB_17_Hashtable_traitsILb0ELb0ELb1EEEE5clearEv
FNDA:28,_ZNSt10_HashtableI12QuectelStateSt4pairIKS0_11HarmanStateESaIS4_ENSt8__detail10_Select1stESt8equal_toIS0_ESt4hashIS0_ENS6_18_Mod_range_hashingENS6_20_Default_ranged_hashENS6_20_Prime_rehash_policyENS6_17_Hashtable_traitsILb0ELb0ELb1EEEE5clearEv
FNDA:28,_ZNSt10_HashtableI11HarmanStateSt4pairIKS0_NSt7__cxx1112basic_stringIcSt11char_traitsIcESaIcEEEESaIS9_ENSt8__detail10_Select1stESt8equal_toIS0_ESt4hashIS0_ENSB_18_Mod_range_hashingENSB_20_Default_ranged_hashENSB_20_Prime_rehash_policyENSB_17_Hashtable_traitsILb0ELb0ELb1EEEE9_M_rehashEmRKm
FNDA:28,_ZNSt10_HashtableI12QuectelStateSt4pairIKS0_11HarmanStateESaIS4_ENSt8__detail10_Select1stESt8equal_toIS0_ESt4hashIS0_ENS6_18_Mod_range_hashingENS6_20_Default_ranged_hashENS6_20_Prime_rehash_policyENS6_17_Hashtable_traitsILb0ELb0ELb1EEEE9_M_rehashEmRKm
FNDA:28,_ZNSt10_HashtableI11HarmanStateSt4pairIKS0_NSt7__cxx1112basic_stringIcSt11char_traitsIcESaIcEEEESaIS9_ENSt8__detail10_Select1stESt8equal_toIS0_ESt4hashIS0_ENSB_18_Mod_range_hashingENSB_20_Default_ranged_hashENSB_20_Prime_rehash_policyENSB_17_Hashtable_traitsILb0ELb0ELb1EEEE13_M_rehash_auxEmSt17integral_constantIbLb1EE
FNDA:28,_ZNSt10_HashtableI12QuectelStateSt4pairIKS0_11HarmanStateESaIS4_ENSt8__detail10_Select1stESt8equal_toIS0_ESt4hashIS0_ENS6_18_Mod_range_hashingENS6_20_Default_ranged_hashENS6_20_Prime_rehash_policyENS6_17_Hashtable_traitsILb0ELb0ELb1EEEE13_M_rehash_auxEmSt17integral_constantIbLb1EE
FNDA:168,_ZNSt10_HashtableI11HarmanStateSt4pairIKS0_NSt7__cxx1112basic_stringIcSt11char_traitsIcESaIcEEEESaIS9_ENSt8__detail10_Select1stESt8equal_toIS0_ESt4hashIS0_ENSB_18_Mod_range_hashingENSB_20_Default_ranged_hashENSB_20_Prime_rehash_policyENSB_17_Hashtable_traitsILb0ELb0ELb1EEEE12_Scoped_nodeC2EPNSB_10_Hash_nodeIS9_Lb0EEEPNSB_16_Hashtable_allocISaISP_EEE
FNDA:168,_ZNSt10_HashtableI12QuectelStateSt4pairIKS0_11HarmanStateESaIS4_ENSt8__detail10_Select1stESt8equal_toIS0_ESt4hashIS0_ENS6_18_Mod_range_hashingENS6_20_Default_ranged_hashENS6_20_Prime_rehash_policyENS6_17_Hashtable_traitsILb0ELb0ELb1EEEE12_Scoped_nodeC2EPNS6_10_Hash_nodeIS4_Lb0EEEPNS6_16_Hashtable_allocISaISK_EEE
FNDA:0,_ZNSt10_HashtableI11HarmanStateSt4pairIKS0_NSt7__cxx1112basic_stringIcSt11char_traitsIcESaIcEEEESaIS9_ENSt8__detail10_Select1stESt8equal_toIS0_ESt4hashIS0_ENSB_18_Mod_range_hashingENSB_20_Default_ranged_hashENSB_20_Prime_rehash_policyENSB_17_Hashtable_traitsILb0ELb0ELb1EEEE12_Scoped_nodeC2IJRKSt21piecewise_construct_tSt5tupleIJRS2_EESS_IJEEEEEPNSB_16_Hashtable_allocISaINSB_10_Hash_nodeIS9_Lb0EEEEEEDpOT_
FNDA:0,_ZNSt10_HashtableI12QuectelStateSt4pairIKS0_11HarmanStateESaIS4_ENSt8__detail10_Select1stESt8equal_toIS0_ESt4hashIS0_ENS6_18_Mod_range_hashingENS6_20_Default_ranged_hashENS6_20_Prime_rehash_policyENS6_17_Hashtable_traitsILb0ELb0ELb1EEEE12_Scoped_nodeC2IJRKSt21piecewise_construct_tSt5tupleIJRS2_EESN_IJEEEEEPNS6_16_Hashtable_allocISaINS6_10_Hash_nodeIS4_Lb0EEEEEEDpOT_
FNDA:168,_ZNSt10_HashtableI11HarmanStateSt4pairIKS0_NSt7__cxx1112basic_stringIcSt11char_traitsIcESaIcEEEESaIS9_ENSt8__detail10_Select1stESt8equal_toIS0_ESt4hashIS0_ENSB_18_Mod_range_hashingENSB_20_Default_ranged_hashENSB_20_Prime_rehash_policyENSB_17_Hashtable_traitsILb0ELb0ELb1EEEE12_Scoped_nodeD2Ev
FNDA:168,_ZNSt10_HashtableI12QuectelStateSt4pairIKS0_11HarmanStateESaIS4_ENSt8__detail10_Select1stESt8equal_toIS0_ESt4hashIS0_ENS6_18_Mod_range_hashingENS6_20_Default_ranged_hashENS6_20_Prime_rehash_policyENS6_17_Hashtable_traitsILb0ELb0ELb1EEEE12_Scoped_nodeD2Ev
FNDA:56,_ZNKSt10_HashtableI11HarmanStateSt4pairIKS0_NSt7__cxx1112basic_stringIcSt11char_traitsIcESaIcEEEESaIS9_ENSt8__detail10_Select1stESt8equal_toIS0_ESt4hashIS0_ENSB_18_Mod_range_hashingENSB_20_Default_ranged_hashENSB_20_Prime_rehash_policyENSB_17_Hashtable_traitsILb0ELb0ELb1EEEE21_M_uses_single_bucketEPPNSB_15_Hash_node_baseE
FNDA:56,_ZNKSt10_HashtableI12QuectelStateSt4pairIKS0_11HarmanStateESaIS4_ENSt8__detail10_Select1stESt8equal_toIS0_ESt4hashIS0_ENS6_18_Mod_range_hashingENS6_20_Default_ranged_hashENS6_20_Prime_rehash_policyENS6_17_Hashtable_traitsILb0ELb0ELb1EEEE21_M_uses_single_bucketEPPNS6_15_Hash_node_baseE
FNDA:336,_ZNSt10_HashtableI11HarmanStateSt4pairIKS0_NSt7__cxx1112basic_stringIcSt11char_traitsIcESaIcEEEESaIS9_ENSt8__detail10_Select1stESt8equal_toIS0_ESt4hashIS0_ENSB_18_Mod_range_hashingENSB_20_Default_ranged_hashENSB_20_Prime_rehash_policyENSB_17_Hashtable_traitsILb0ELb0ELb1EEEE22__small_size_thresholdEv
FNDA:336,_ZNSt10_HashtableI12QuectelStateSt4pairIKS0_11HarmanStateESaIS4_ENSt8__detail10_Select1stESt8equal_toIS0_ESt4hashIS0_ENS6_18_Mod_range_hashingENS6_20_Default_ranged_hashENS6_20_Prime_rehash_policyENS6_17_Hashtable_traitsILb0ELb0ELb1EEEE22__small_size_thresholdEv
FNDA:28,_ZNSt10_HashtableI11HarmanStateSt4pairIKS0_NSt7__cxx1112basic_stringIcSt11char_traitsIcESaIcEEEESaIS9_ENSt8__detail10_Select1stESt8equal_toIS0_ESt4hashIS0_ENSB_18_Mod_range_hashingENSB_20_Default_ranged_hashENSB_20_Prime_rehash_policyENSB_17_Hashtable_traitsILb0ELb0ELb1EEEE19_M_allocate_bucketsEm
FNDA:28,_ZNSt10_HashtableI12QuectelStateSt4pairIKS0_11HarmanStateESaIS4_ENSt8__detail10_Select1stESt8equal_toIS0_ESt4hashIS0_ENS6_18_Mod_range_hashingENS6_20_Default_ranged_hashENS6_20_Prime_rehash_policyENS6_17_Hashtable_traitsILb0ELb0ELb1EEEE19_M_allocate_bucketsEm
FNDA:56,_ZNSt10_HashtableI11HarmanStateSt4pairIKS0_NSt7__cxx1112basic_stringIcSt11char_traitsIcESaIcEEEESaIS9_ENSt8__detail10_Select1stESt8equal_toIS0_ESt4hashIS0_ENSB_18_Mod_range_hashingENSB_20_Default_ranged_hashENSB_20_Prime_rehash_policyENSB_17_Hashtable_traitsILb0ELb0ELb1EEEE21_M_deallocate_bucketsEPPNSB_15_Hash_node_baseEm
FNDA:56,_ZNSt10_HashtableI12QuectelStateSt4pairIKS0_11HarmanStateESaIS4_ENSt8__detail10_Select1stESt8equal_toIS0_ESt4hashIS0_ENS6_18_Mod_range_hashingENS6_20_Default_ranged_hashENS6_20_Prime_rehash_policyENS6_17_Hashtable_traitsILb0ELb0ELb1EEEE21_M_deallocate_bucketsEPPNS6_15_Hash_node_baseEm
FNDA:56,_ZNSt10_HashtableI11HarmanStateSt4pairIKS0_NSt7__cxx1112basic_stringIcSt11char_traitsIcESaIcEEEESaIS9_ENSt8__detail10_Select1stESt8equal_toIS0_ESt4hashIS0_ENSB_18_Mod_range_hashingENSB_20_Default_ranged_hashENSB_20_Prime_rehash_policyENSB_17_Hashtable_traitsILb0ELb0ELb1EEEE21_M_deallocate_bucketsEv
FNDA:56,_ZNSt10_HashtableI12QuectelStateSt4pairIKS0_11HarmanStateESaIS4_ENSt8__detail10_Select1stESt8equal_toIS0_ESt4hashIS0_ENS6_18_Mod_range_hashingENS6_20_Default_ranged_hashENS6_20_Prime_rehash_policyENS6_17_Hashtable_traitsILb0ELb0ELb1EEEE21_M_deallocate_bucketsEv
FNDA:84,_ZNKSt10_HashtableI11HarmanStateSt4pairIKS0_NSt7__cxx1112basic_stringIcSt11char_traitsIcESaIcEEEESaIS9_ENSt8__detail10_Select1stESt8equal_toIS0_ESt4hashIS0_ENSB_18_Mod_range_hashingENSB_20_Default_ranged_hashENSB_20_Prime_rehash_policyENSB_17_Hashtable_traitsILb0ELb0ELb1EEEE8_M_beginEv
FNDA:84,_ZNKSt10_HashtableI12QuectelStateSt4pairIKS0_11HarmanStateESaIS4_ENSt8__detail10_Select1stESt8equal_toIS0_ESt4hashIS0_ENS6_18_Mod_range_hashingENS6_20_Default_ranged_hashENS6_20_Prime_rehash_policyENS6_17_Hashtable_traitsILb0ELb0ELb1EEEE8_M_beginEv
FNDA:28,_ZNSt10_HashtableI11HarmanStateSt4pairIKS0_NSt7__cxx1112basic_stringIcSt11char_traitsIcESaIcEEEESaIS9_ENSt8__detail10_Select1stESt8equal_toIS0_ESt4hashIS0_ENSB_18_Mod_range_hashingENSB_20_Default_ranged_hashENSB_20_Prime_rehash_policyENSB_17_Hashtable_traitsILb0ELb0ELb1EEEEC2ERKSG_RKSE_RKSA_
FNDA:28,_ZNSt10_HashtableI12QuectelStateSt4pairIKS0_11HarmanStateESaIS4_ENSt8__detail10_Select1stESt8equal_toIS0_ESt4hashIS0_ENS6_18_Mod_range_hashingENS6_20_Default_ranged_hashENS6_20_Prime_rehash_policyENS6_17_Hashtable_traitsILb0ELb0ELb1EEEEC2ERKSB_RKS9_RKS5_
FNDA:28,_ZNSt10_HashtableI11HarmanStateSt4pairIKS0_NSt7__cxx1112basic_stringIcSt11char_traitsIcESaIcEEEESaIS9_ENSt8__detail10_Select1stESt8equal_toIS0_ESt4hashIS0_ENSB_18_Mod_range_hashingENSB_20_Default_ranged_hashENSB_20_Prime_rehash_policyENSB_17_Hashtable_traitsILb0ELb0ELb1EEEEC2ESt16initializer_listIS9_EmRKSG_RKSE_RKSA_
FNDA:28,_ZNSt10_HashtableI12QuectelStateSt4pairIKS0_11HarmanStateESaIS4_ENSt8__detail10_Select1stESt8equal_toIS0_ESt4hashIS0_ENS6_18_Mod_range_hashingENS6_20_Default_ranged_hashENS6_20_Prime_rehash_policyENS6_17_Hashtable_traitsILb0ELb0ELb1EEEEC2ESt16initializer_listIS4_EmRKSB_RKS9_RKS5_
FNDA:28,_ZNSt10_HashtableI11HarmanStateSt4pairIKS0_NSt7__cxx1112basic_stringIcSt11char_traitsIcESaIcEEEESaIS9_ENSt8__detail10_Select1stESt8equal_toIS0_ESt4hashIS0_ENSB_18_Mod_range_hashingENSB_20_Default_ranged_hashENSB_20_Prime_rehash_policyENSB_17_Hashtable_traitsILb0ELb0ELb1EEEE5beginEv
FNDA:28,_ZNSt10_HashtableI12QuectelStateSt4pairIKS0_11HarmanStateESaIS4_ENSt8__detail10_Select1stESt8equal_toIS0_ESt4hashIS0_ENS6_18_Mod_range_hashingENS6_20_Default_ranged_hashENS6_20_Prime_rehash_policyENS6_17_Hashtable_traitsILb0ELb0ELb1EEEE5beginEv
FNDA:28,_ZNSt10_HashtableI11HarmanStateSt4pairIKS0_NSt7__cxx1112basic_stringIcSt11char_traitsIcESaIcEEEESaIS9_ENSt8__detail10_Select1stESt8equal_toIS0_ESt4hashIS0_ENSB_18_Mod_range_hashingENSB_20_Default_ranged_hashENSB_20_Prime_rehash_policyENSB_17_Hashtable_traitsILb0ELb0ELb1EEEE3endEv
FNDA:28,_ZNSt10_HashtableI12QuectelStateSt4pairIKS0_11HarmanStateESaIS4_ENSt8__detail10_Select1stESt8equal_toIS0_ESt4hashIS0_ENS6_18_Mod_range_hashingENS6_20_Default_ranged_hashENS6_20_Prime_rehash_policyENS6_17_Hashtable_traitsILb0ELb0ELb1EEEE3endEv
FNDA:336,_ZNKSt10_HashtableI11HarmanStateSt4pairIKS0_NSt7__cxx1112basic_stringIcSt11char_traitsIcESaIcEEEESaIS9_ENSt8__detail10_Select1stESt8equal_toIS0_ESt4hashIS0_ENSB_18_Mod_range_hashingENSB_20_Default_ranged_hashENSB_20_Prime_rehash_policyENSB_17_Hashtable_traitsILb0ELb0ELb1EEEE4sizeEv
FNDA:336,_ZNKSt10_HashtableI12QuectelStateSt4pairIKS0_11HarmanStateESaIS4_ENSt8__detail10_Select1stESt8equal_toIS0_ESt4hashIS0_ENS6_18_Mod_range_hashingENS6_20_Default_ranged_hashENS6_20_Prime_rehash_policyENS6_17_Hashtable_traitsILb0ELb0ELb1EEEE4sizeEv
FNDA:140,_ZNKSt10_HashtableI11HarmanStateSt4pairIKS0_NSt7__cxx1112basic_stringIcSt11char_traitsIcESaIcEEEESaIS9_ENSt8__detail10_Select1stESt8equal_toIS0_ESt4hashIS0_ENSB_18_Mod_range_hashingENSB_20_Default_ranged_hashENSB_20_Prime_rehash_policyENSB_17_Hashtable_traitsILb0ELb0ELb1EEEE15_M_bucket_indexERKNSB_16_Hash_node_valueIS9_Lb0EEE
FNDA:140,_ZNKSt10_HashtableI12QuectelStateSt4pairIKS0_11HarmanStateESaIS4_ENSt8__detail10_Select1stESt8equal_toIS0_ESt4hashIS0_ENS6_18_Mod_range_hashingENS6_20_Default_ranged_hashENS6_20_Prime_rehash_policyENS6_17_Hashtable_traitsILb0ELb0ELb1EEEE15_M_bucket_indexERKNS6_16_Hash_node_valueIS4_Lb0EEE
FNDA:224,_ZNKSt10_HashtableI11HarmanStateSt4pairIKS0_NSt7__cxx1112basic_stringIcSt11char_traitsIcESaIcEEEESaIS9_ENSt8__detail10_Select1stESt8equal_toIS0_ESt4hashIS0_ENSB_18_Mod_range_hashingENSB_20_Default_ranged_hashENSB_20_Prime_rehash_policyENSB_17_Hashtable_traitsILb0ELb0ELb1EEEE15_M_bucket_indexEm
FNDA:224,_ZNKSt10_HashtableI12QuectelStateSt4pairIKS0_11HarmanStateESaIS4_ENSt8__detail10_Select1stESt8equal_toIS0_ESt4hashIS0_ENS6_18_Mod_range_hashingENS6_20_Default_ranged_hashENS6_20_Prime_rehash_policyENS6_17_Hashtable_traitsILb0ELb0ELb1EEEE15_M_bucket_indexEm
FNDA:28,_ZNKSt10_HashtableI11HarmanStateSt4pairIKS0_NSt7__cxx1112basic_stringIcSt11char_traitsIcESaIcEEEESaIS9_ENSt8__detail10_Select1stESt8equal_toIS0_ESt4hashIS0_ENSB_18_Mod_range_hashingENSB_20_Default_ranged_hashENSB_20_Prime_rehash_policyENSB_17_Hashtable_traitsILb0ELb0ELb1EEEE12_M_find_nodeEmRS2_m
FNDA:28,_ZNKSt10_HashtableI12QuectelStateSt4pairIKS0_11HarmanStateESaIS4_ENSt8__detail10_Select1stESt8equal_toIS0_ESt4hashIS0_ENS6_18_Mod_range_hashingENS6_20_Default_ranged_hashENS6_20_Prime_rehash_policyENS6_17_Hashtable_traitsILb0ELb0ELb1EEEE12_M_find_nodeEmRS2_m
FNDA:140,_ZNKSt10_HashtableI11HarmanStateSt4pairIKS0_NSt7__cxx1112basic_stringIcSt11char_traitsIcESaIcEEEESaIS9_ENSt8__detail10_Select1stESt8equal_toIS0_ESt4hashIS0_ENSB_18_Mod_range_hashingENSB_20_Default_ranged_hashENSB_20_Prime_rehash_policyENSB_17_Hashtable_traitsILb0ELb0ELb1EEEE15_M_find_node_trIS0_EEPNSB_10_Hash_nodeIS9_Lb0EEEmRKT_m
FNDA:140,_ZNKSt10_HashtableI12QuectelStateSt4pairIKS0_11HarmanStateESaIS4_ENSt8__detail10_Select1stESt8equal_toIS0_ESt4hashIS0_ENS6_18_Mod_range_hashingENS6_20_Default_ranged_hashENS6_20_Prime_rehash_policyENS6_17_Hashtable_traitsILb0ELb0ELb1EEEE15_M_find_node_trIS0_EEPNS6_10_Hash_nodeIS4_Lb0EEEmRKT_m
FNDA:168,_ZNSt10_HashtableI11HarmanStateSt4pairIKS0_NSt7__cxx1112basic_stringIcSt11char_traitsIcESaIcEEEESaIS9_ENSt8__detail10_Select1stESt8equal_toIS0_ESt4hashIS0_ENSB_18_Mod_range_hashingENSB_20_Default_ranged_hashENSB_20_Prime_rehash_policyENSB_17_Hashtable_traitsILb0ELb0ELb1EEEE14_S_forward_keyERS2_
FNDA:168,_ZNSt10_HashtableI12QuectelStateSt4pairIKS0_11HarmanStateESaIS4_ENSt8__detail10_Select1stESt8equal_toIS0_ESt4hashIS0_ENS6_18_Mod_range_hashingENS6_20_Default_ranged_hashENS6_20_Prime_rehash_policyENS6_17_Hashtable_traitsILb0ELb0ELb1EEEE14_S_forward_keyERS2_
FNDA:168,_ZNSt10_HashtableI11HarmanStateSt4pairIKS0_NSt7__cxx1112basic_stringIcSt11char_traitsIcESaIcEEEESaIS9_ENSt8__detail10_Select1stESt8equal_toIS0_ESt4hashIS0_ENSB_18_Mod_range_hashingENSB_20_Default_ranged_hashENSB_20_Prime_rehash_policyENSB_17_Hashtable_traitsILb0ELb0ELb1EEEE20_M_insert_unique_auxIRKS9_NSB_10_AllocNodeISaINSB_10_Hash_nodeIS9_Lb0EEEEEEEES1_INSB_14_Node_iteratorIS9_Lb0ELb0EEEbEOT_RKT0_
FNDA:168,_ZNSt10_HashtableI12QuectelStateSt4pairIKS0_11HarmanStateESaIS4_ENSt8__detail10_Select1stESt8equal_toIS0_ESt4hashIS0_ENS6_18_Mod_range_hashingENS6_20_Default_ranged_hashENS6_20_Prime_rehash_policyENS6_17_Hashtable_traitsILb0ELb0ELb1EEEE20_M_insert_unique_auxIRKS4_NS6_10_AllocNodeISaINS6_10_Hash_nodeIS4_Lb0EEEEEEEES1_INS6_14_Node_iteratorIS4_Lb0ELb0EEEbEOT_RKT0_
FNDA:168,_ZNSt10_HashtableI11HarmanStateSt4pairIKS0_NSt7__cxx1112basic_stringIcSt11char_traitsIcESaIcEEEESaIS9_ENSt8__detail10_Select1stESt8equal_toIS0_ESt4hashIS0_ENSB_18_Mod_range_hashingENSB_20_Default_ranged_hashENSB_20_Prime_rehash_policyENSB_17_Hashtable_traitsILb0ELb0ELb1EEEE9_M_insertIRKS9_NSB_10_AllocNodeISaINSB_10_Hash_nodeIS9_Lb0EEEEEEEES1_INSB_14_Node_iteratorIS9_Lb0ELb0EEEbEOT_RKT0_St17integral_constantIbLb1EE
FNDA:168,_ZNSt10_HashtableI12QuectelStateSt4pairIKS0_11HarmanStateESaIS4_ENSt8__detail10_Select1stESt8equal_toIS0_ESt4hashIS0_ENS6_18_Mod_range_hashingENS6_20_Default_ranged_hashENS6_20_Prime_rehash_policyENS6_17_Hashtable_traitsILb0ELb0ELb1EEEE9_M_insertIRKS4_NS6_10_AllocNodeISaINS6_10_Hash_nodeIS4_Lb0EEEEEEEES1_INS6_14_Node_iteratorIS4_Lb0ELb0EEEbEOT_RKT0_St17integral_constantIbLb1EE
FNF:64
FNH:62
DA:300,336
DA:301,336
DA:305,0
DA:306,0
DA:307,0
DA:308,0
DA:311,336
DA:416,112
DA:417,112
DA:424,672
DA:427,672
DA:434,56
DA:436,56
DA:438,0
DA:439,0
DA:442,56
DA:446,112
DA:448,112
DA:449,56
DA:451,56
DA:455,112
DA:456,112
DA:464,168
DA:465,168
DA:486,56
DA:489,56
DA:490,168
DA:491,56
DA:571,56
DA:577,56
DA:578,56
DA:623,56
DA:624,56
DA:631,56
DA:632,56
DA:647,672
DA:648,672
DA:792,280
DA:793,280
DA:796,448
DA:797,448
DA:812,56
DA:815,56
DA:816,56
DA:817,56
DA:818,0
DA:823,280
DA:826,280
DA:827,280
DA:828,0
DA:829,280
DA:893,336
DA:894,336
DA:902,336
DA:904,672
DA:905,672
DA:906,672
DA:911,336
DA:916,672
DA:917,672
DA:1189,56
DA:1193,56
DA:1195,56
DA:1196,56
DA:1198,0
DA:1199,0
DA:1201,56
DA:1208,56
DA:1214,56
DA:1215,56
DA:1595,56
DA:1608,56
DA:1609,56
DA:1610,56
DA:1948,56
DA:1954,56
DA:1955,56
DA:1956,0
DA:1958,56
DA:1959,0
DA:1961,56
DA:1962,56
DA:1964,0
DA:1965,0
DA:1966,0
DA:1969,0
DA:1978,280
DA:1984,280
DA:1985,280
DA:1986,280
DA:1988,0
DA:1989,0
DA:1991,0
DA:1992,0
DA:1994,0
DA:1995,0
DA:1996,0
DA:1999,0
DA:2007,336
DA:2011,336
DA:2015,0
DA:2016,0
DA:2023,336
DA:2024,336
DA:2026,336
DA:2029,280
DA:2031,336
DA:2033,336
DA:2166,336
DA:2172,336
DA:2174,336
DA:2177,336
DA:2179,56
DA:2180,56
DA:2183,336
DA:2186,336
DA:2187,336
DA:2188,336
DA:2253,336
DA:2259,336
DA:2260,56
DA:2261,0
DA:2262,0
DA:2264,336
DA:2265,336
DA:2267,336
DA:2268,280
DA:2269,0
DA:2271,336
DA:2278,336
DA:2279,336
DA:2280,336
DA:2281,336
DA:2520,56
DA:2524,56
DA:2525,56
DA:2526,56
DA:2527,56
DA:2528,56
DA:2529,56
DA:2559,56
DA:2565,56
DA:2567,0
DA:2571,0
DA:2572,0
DA:2574,56
DA:2582,56
DA:2586,56
DA:2587,56
DA:2588,56
DA:2589,56
DA:2590,56
DA:2592,0
DA:2594,0
DA:2595,0
DA:2597,0
DA:2598,0
DA:2599,0
DA:2600,0
DA:2601,0
DA:2602,0
DA:2606,0
DA:2607,0
DA:2610,0
DA:2613,56
DA:2614,56
DA:2615,56
DA:2616,56
LF:168
LH:124
end_of_record
TN:
SF:/usr/include/c++/13/bits/hashtable_policy.h
FN:112,113,_ZNKSt8__detail10_Select1stclIRKSt4pairIK11HarmanStateNSt7__cxx1112basic_stringIcSt11char_traitsIcESaIcEEEEEEONS0_10__1st_typeIT_E4typeEOSF_
FN:112,113,_ZNKSt8__detail10_Select1stclIRKSt4pairIK12QuectelState11HarmanStateEEEONS0_10__1st_typeIT_E4typeEOSA_
FN:1221,1223,_ZNSt8__detail21_Hashtable_ebo_helperILi0ESaINS_10_Hash_nodeISt4pairIK11HarmanStateNSt7__cxx1112basic_stringIcSt11char_traitsIcESaIcEEEELb0EEEELb1EEC2ISD_EEOT_
FN:1221,1223,_ZNSt8__detail21_Hashtable_ebo_helperILi0ESaINS_10_Hash_nodeISt4pairIK12QuectelState11HarmanStateELb0EEEELb1EEC2IS8_EEOT_
FN:1221,1223,_ZNSt8__detail21_Hashtable_ebo_helperILi0ESt8equal_toI11HarmanStateELb1EEC2IRKS3_EEOT_
FN:1221,1223,_ZNSt8__detail21_Hashtable_ebo_helperILi0ESt8equal_toI12QuectelStateELb1EEC2IRKS3_EEOT_
FN:1221,1223,_ZNSt8__detail21_Hashtable_ebo_helperILi1ESt4hashI11HarmanStateELb1EEC2IRKS3_EEOT_
FN:1221,1223,_ZNSt8__detail21_Hashtable_ebo_helperILi1ESt4hashI12QuectelStateELb1EEC2IRKS3_EEOT_
FN:1225,1225,_ZNKSt8__detail21_Hashtable_ebo_helperILi0ESt8equal_toI11HarmanStateELb1EE7_M_cgetEv
FN:1225,1225,_ZNKSt8__detail21_Hashtable_ebo_helperILi0ESt8equal_toI12QuectelStateELb1EE7_M_cgetEv
FN:1225,1225,_ZNKSt8__detail21_Hashtable_ebo_helperILi1ESt4hashI11HarmanStateELb1EE7_M_cgetEv
FN:1225,1225,_ZNKSt8__detail21_Hashtable_ebo_helperILi1ESt4hashI12QuectelStateELb1EE7_M_cgetEv
FN:1226,1226,_ZNSt8__detail21_Hashtable_ebo_helperILi0ESaINS_10_Hash_nodeISt4pairIK11HarmanStateNSt7__cxx1112basic_stringIcSt11char_traitsIcESaIcEEEELb0EEEELb1EE6_M_getEv
FN:1226,1226,_ZNSt8__detail21_Hashtable_ebo_helperILi0ESaINS_10_Hash_nodeISt4pairIK12QuectelState11HarmanStateELb0EEEELb1EE6_M_getEv
FN:1303,1303,_ZNSt8__detail15_Hash_code_baseI11HarmanStateSt4pairIKS1_NSt7__cxx1112basic_stringIcSt11char_traitsIcESaIcEEEENS_10_Select1stESt4hashIS1_ENS_18_Mod_range_hashingENS_20_Default_ranged_hashELb0EEC2ERKSD_
FN:1303,1303,_ZNSt8__detail15_Hash_code_baseI12QuectelStateSt4pairIKS1_11HarmanStateENS_10_Select1stESt4hashIS1_ENS_18_Mod_range_hashingENS_20_Default_ranged_hashELb0EEC2ERKS8_
FN:1306,1311,_ZNKSt8__detail15_Hash_code_baseI11HarmanStateSt4pairIKS1_NSt7__cxx1112basic_stringIcSt11char_traitsIcESaIcEEEENS_10_Select1stESt4hashIS1_ENS_18_Mod_range_hashingENS_20_Default_ranged_hashELb0EE12_M_hash_codeERS3_
FN:1306,1311,_ZNKSt8__detail15_Hash_code_baseI12QuectelStateSt4pairIKS1_11HarmanStateENS_10_Select1stESt4hashIS1_ENS_18_Mod_range_hashingENS_20_Default_ranged_hashELb0EE12_M_hash_codeERS3_
FN:1315,1320,_ZNKSt8__detail15_Hash_code_baseI11HarmanStateSt4pairIKS1_NSt7__cxx1112basic_stringIcSt11char_traitsIcESaIcEEEENS_10_Select1stESt4hashIS1_ENS_18_Mod_range_hashingENS_20_Default_ranged_hashELb0EE15_M_hash_code_trIS1_EEmRKT_
FN:1315,1320,_ZNKSt8__detail15_Hash_code_baseI12QuectelStateSt4pairIKS1_11HarmanStateENS_10_Select1stESt4hashIS1_ENS_18_Mod_range_hashingENS_20_Default_ranged_hashELb0EE15_M_hash_code_trIS1_EEmRKT_
FN:1331,1332,_ZNKSt8__detail15_Hash_code_baseI11HarmanStateSt4pairIKS1_NSt7__cxx1112basic_stringIcSt11char_traitsIcESaIcEEEENS_10_Select1stESt4hashIS1_ENS_18_Mod_range_hashingENS_20_Default_ranged_hashELb0EE15_M_bucket_indexEmm
FN:1331,1332,_ZNKSt8__detail15_Hash_code_baseI12QuectelStateSt4pairIKS1_11HarmanStateENS_10_Select1stESt4hashIS1_ENS_18_Mod_range_hashingENS_20_Default_ranged_hashELb0EE15_M_bucket_indexEmm
FN:1335,1343,_ZNKSt8__detail15_Hash_code_baseI11HarmanStateSt4pairIKS1_NSt7__cxx1112basic_stringIcSt11char_traitsIcESaIcEEEENS_10_Select1stESt4hashIS1_ENS_18_Mod_range_hashingENS_20_Default_ranged_hashELb0EE15_M_bucket_indexERKNS_16_Hash_node_valueISA_Lb0EEEm
FN:1335,1343,_ZNKSt8__detail15_Hash_code_baseI12QuectelStateSt4pairIKS1_11HarmanStateENS_10_Select1stESt4hashIS1_ENS_18_Mod_range_hashingENS_20_Default_ranged_hashELb0EE15_M_bucket_indexERKNS_16_Hash_node_valueIS5_Lb0EEEm
FN:1353,1354,_ZNKSt8__detail15_Hash_code_baseI11HarmanStateSt4pairIKS1_NSt7__cxx1112basic_stringIcSt11char_traitsIcESaIcEEEENS_10_Select1stESt4hashIS1_ENS_18_Mod_range_hashingENS_20_Default_ranged_hashELb0EE13_M_store_codeERNS_21_Hash_node_code_cacheILb0EEEm
FN:1353,1354,_ZNKSt8__detail15_Hash_code_baseI12QuectelStateSt4pairIKS1_11HarmanStateENS_10_Select1stESt4hashIS1_ENS_18_Mod_range_hashingENS_20_Default_ranged_hashELb0EE13_M_store_codeERNS_21_Hash_node_code_cacheILb0EEEm
FN:136,137,_ZNKSt8__detail19_ConvertToValueTypeINS_10_Select1stESt4pairIK11HarmanStateNSt7__cxx1112basic_stringIcSt11char_traitsIcESaIcEEEEEclERKSB_
FN:136,137,_ZNKSt8__detail19_ConvertToValueTypeINS_10_Select1stESt4pairIK12QuectelState11HarmanStateEEclERKS6_
FN:1375,1375,_ZNKSt8__detail15_Hash_code_baseI11HarmanStateSt4pairIKS1_NSt7__cxx1112basic_stringIcSt11char_traitsIcESaIcEEEENS_10_Select1stESt4hashIS1_ENS_18_Mod_range_hashingENS_20_Default_ranged_hashELb0EE7_M_hashEv
FN:1375,1375,_ZNKSt8__detail15_Hash_code_baseI12QuectelStateSt4pairIKS1_11HarmanStateENS_10_Select1stESt4hashIS1_ENS_18_Mod_range_hashingENS_20_Default_ranged_hashELb0EE7_M_hashEv
FN:158,163,_ZNSt8__detail12_NodeBuilderINS_10_Select1stEE8_S_buildIRK11HarmanStateRKSt4pairIS5_NSt7__cxx1112basic_stringIcSt11char_traitsIcESaIcEEEENS_10_AllocNodeISaINS_10_Hash_nodeISE_Lb0EEEEEEEEPNT1_11__node_typeEOT_OT0_RKSM_
FN:158,163,_ZNSt8__detail12_NodeBuilderINS_10_Select1stEE8_S_buildIRK12QuectelStateRKSt4pairIS5_11HarmanStateENS_10_AllocNodeISaINS_10_Hash_nodeIS9_Lb0EEEEEEEEPNT1_11__node_typeEOT_OT0_RKSH_
FN:1683,1684,_ZNSt8__detail15_Hashtable_baseI11HarmanStateSt4pairIKS1_NSt7__cxx1112basic_stringIcSt11char_traitsIcESaIcEEEENS_10_Select1stESt8equal_toIS1_ESt4hashIS1_ENS_18_Mod_range_hashingENS_20_Default_ranged_hashENS_17_Hashtable_traitsILb0ELb0ELb1EEEE9_S_equalsEmRKNS_21_Hash_node_code_cacheILb0EEE
FN:1683,1684,_ZNSt8__detail15_Hashtable_baseI12QuectelStateSt4pairIKS1_11HarmanStateENS_10_Select1stESt8equal_toIS1_ESt4hashIS1_ENS_18_Mod_range_hashingENS_20_Default_ranged_hashENS_17_Hashtable_traitsILb0ELb0ELb1EEEE9_S_equalsEmRKNS_21_Hash_node_code_cacheILb0EEE
FN:1703,1705,_ZNSt8__detail15_Hashtable_baseI11HarmanStateSt4pairIKS1_NSt7__cxx1112basic_stringIcSt11char_traitsIcESaIcEEEENS_10_Select1stESt8equal_toIS1_ESt4hashIS1_ENS_18_Mod_range_hashingENS_20_Default_ranged_hashENS_17_Hashtable_traitsILb0ELb0ELb1EEEEC2ERKSF_RKSD_
FN:1703,1705,_ZNSt8__detail15_Hashtable_baseI12QuectelStateSt4pairIKS1_11HarmanStateENS_10_Select1stESt8equal_toIS1_ESt4hashIS1_ENS_18_Mod_range_hashingENS_20_Default_ranged_hashENS_17_Hashtable_traitsILb0ELb0ELb1EEEEC2ERKSA_RKS8_
FN:1708,1716,_ZNKSt8__detail15_Hashtable_baseI11HarmanStateSt4pairIKS1_NSt7__cxx1112basic_stringIcSt11char_traitsIcESaIcEEEENS_10_Select1stESt8equal_toIS1_ESt4hashIS1_ENS_18_Mod_range_hashingENS_20_Default_ranged_hashENS_17_Hashtable_traitsILb0ELb0ELb1EEEE13_M_key_equalsERS3_RKNS_16_Hash_node_valueISA_Lb0EEE
FN:1708,1716,_ZNKSt8__detail15_Hashtable_baseI12QuectelStateSt4pairIKS1_11HarmanStateENS_10_Select1stESt8equal_toIS1_ESt4hashIS1_ENS_18_Mod_range_hashingENS_20_Default_ranged_hashENS_17_Hashtable_traitsILb0ELb0ELb1EEEE13_M_key_equalsERS3_RKNS_16_Hash_node_valueIS5_Lb0EEE
FN:1720,1729,_ZNKSt8__detail15_Hashtable_baseI11HarmanStateSt4pairIKS1_NSt7__cxx1112basic_stringIcSt11char_traitsIcESaIcEEEENS_10_Select1stESt8equal_toIS1_ESt4hashIS1_ENS_18_Mod_range_hashingENS_20_Default_ranged_hashENS_17_Hashtable_traitsILb0ELb0ELb1EEEE16_M_key_equals_trIS1_EEbRKT_RKNS_16_Hash_node_valueISA_Lb0EEE
FN:1720,1729,_ZNKSt8__detail15_Hashtable_baseI12QuectelStateSt4pairIKS1_11HarmanStateENS_10_Select1stESt8equal_toIS1_ESt4hashIS1_ENS_18_Mod_range_hashingENS_20_Default_ranged_hashENS_17_Hashtable_traitsILb0ELb0ELb1EEEE16_M_key_equals_trIS1_EEbRKT_RKNS_16_Hash_node_valueIS5_Lb0EEE
FN:1732,1734,_ZNKSt8__detail15_Hashtable_baseI11HarmanStateSt4pairIKS1_NSt7__cxx1112basic_stringIcSt11char_traitsIcESaIcEEEENS_10_Select1stESt8equal_toIS1_ESt4hashIS1_ENS_18_Mod_range_hashingENS_20_Default_ranged_hashENS_17_Hashtable_traitsILb0ELb0ELb1EEEE9_M_equalsERS3_mRKNS_16_Hash_node_valueISA_Lb0EEE
FN:1732,1734,_ZNKSt8__detail15_Hashtable_baseI12QuectelStateSt4pairIKS1_11HarmanStateENS_10_Select1stESt8equal_toIS1_ESt4hashIS1_ENS_18_Mod_range_hashingENS_20_Default_ranged_hashENS_17_Hashtable_traitsILb0ELb0ELb1EEEE9_M_equalsERS3_mRKNS_16_Hash_node_valueIS5_Lb0EEE
FN:1738,1741,_ZNKSt8__detail15_Hashtable_baseI11HarmanStateSt4pairIKS1_NSt7__cxx1112basic_stringIcSt11char_traitsIcESaIcEEEENS_10_Select1stESt8equal_toIS1_ESt4hashIS1_ENS_18_Mod_range_hashingENS_20_Default_ranged_hashENS_17_Hashtable_traitsILb0ELb0ELb1EEEE12_M_equals_trIS1_EEbRKT_mRKNS_16_Hash_node_valueISA_Lb0EEE
FN:1738,1741,_ZNKSt8__detail15_Hashtable_baseI12QuectelStateSt4pairIKS1_11HarmanStateENS_10_Select1stESt8equal_toIS1_ESt4hashIS1_ENS_18_Mod_range_hashingENS_20_Default_ranged_hashENS_17_Hashtable_traitsILb0ELb0ELb1EEEE12_M_equals_trIS1_EEbRKT_mRKNS_16_Hash_node_valueIS5_Lb0EEE
FN:1760,1760,_ZNKSt8__detail15_Hashtable_baseI11HarmanStateSt4pairIKS1_NSt7__cxx1112basic_stringIcSt11char_traitsIcESaIcEEEENS_10_Select1stESt8equal_toIS1_ESt4hashIS1_ENS_18_Mod_range_hashingENS_20_Default_ranged_hashENS_17_Hashtable_traitsILb0ELb0ELb1EEEE5_M_eqEv
FN:1760,1760,_ZNKSt8__detail15_Hashtable_baseI12QuectelStateSt4pairIKS1_11HarmanStateENS_10_Select1stESt8equal_toIS1_ESt4hashIS1_ENS_18_Mod_range_hashingENS_20_Default_ranged_hashENS_17_Hashtable_traitsILb0ELb0ELb1EEEE5_M_eqEv
FN:1945,1947,_ZNSt8__detail16_Hashtable_allocISaINS_10_Hash_nodeISt4pairIK11HarmanStateNSt7__cxx1112basic_stringIcSt11char_traitsIcESaIcEEEELb0EEEEEC2ISD_EEOT_
FN:1945,1947,_ZNSt8__detail16_Hashtable_allocISaINS_10_Hash_nodeISt4pairIK12QuectelState11HarmanStateELb0EEEEEC2IS8_EEOT_
FN:1950,1951,_ZNSt8__detail16_Hashtable_allocISaINS_10_Hash_nodeISt4pairIK11HarmanStateNSt7__cxx1112basic_stringIcSt11char_traitsIcESaIcEEEELb0EEEEE17_M_node_allocatorEv
FN:1950,1951,_ZNSt8__detail16_Hashtable_allocISaINS_10_Hash_nodeISt4pairIK12QuectelState11HarmanStateELb0EEEEE17_M_node_allocatorEv
FN:1987,2005,_ZNSt8__detail16_Hashtable_allocISaINS_10_Hash_nodeISt4pairIK11HarmanStateNSt7__cxx1112basic_stringIcSt11char_traitsIcESaIcEEEELb0EEEEE16_M_allocate_nodeIJRKSt21piecewise_construct_tSt5tupleIJRS4_EESJ_IJEEEEEPSC_DpOT_
FN:1987,2005,_ZNSt8__detail16_Hashtable_allocISaINS_10_Hash_nodeISt4pairIK11HarmanStateNSt7__cxx1112basic_stringIcSt11char_traitsIcESaIcEEEELb0EEEEE16_M_allocate_nodeIJRS4_RKSA_EEEPSC_DpOT_
FN:1987,2005,_ZNSt8__detail16_Hashtable_allocISaINS_10_Hash_nodeISt4pairIK12QuectelState11HarmanStateELb0EEEEE16_M_allocate_nodeIJRKSt21piecewise_construct_tSt5tupleIJRS4_EESE_IJEEEEEPS7_DpOT_
FN:1987,2005,_ZNSt8__detail16_Hashtable_allocISaINS_10_Hash_nodeISt4pairIK12QuectelState11HarmanStateELb0EEEEE16_M_allocate_nodeIJRS4_RKS5_EEEPS7_DpOT_
FN:2009,2013,_ZNSt8__detail16_Hashtable_allocISaINS_10_Hash_nodeISt4pairIK11HarmanStateNSt7__cxx1112basic_stringIcSt11char_traitsIcESaIcEEEELb0EEEEE18_M_deallocate_nodeEPSC_
FN:2009,2013,_ZNSt8__detail16_Hashtable_allocISaINS_10_Hash_nodeISt4pairIK12QuectelState11HarmanStateELb0EEEEE18_M_deallocate_nodeEPS7_
FN:2017,2023,_ZNSt8__detail16_Hashtable_allocISaINS_10_Hash_nodeISt4pairIK11HarmanStateNSt7__cxx1112basic_stringIcSt11char_traitsIcESaIcEEEELb0EEEEE22_M_deallocate_node_ptrEPSC_
FN:2017,2023,_ZNSt8__detail16_Hashtable_allocISaINS_10_Hash_nodeISt4pairIK12QuectelState11HarmanStateELb0EEEEE22_M_deallocate_node_ptrEPS7_
FN:2027,2035,_ZNSt8__detail16_Hashtable_allocISaINS_10_Hash_nodeISt4pairIK11HarmanStateNSt7__cxx1112basic_stringIcSt11char_traitsIcESaIcEEEELb0EEEEE19_M_deallocate_nodesEPSC_
FN:2027,2035,_ZNSt8__detail16_Hashtable_allocISaINS_10_Hash_nodeISt4pairIK12QuectelState11HarmanStateELb0EEEEE19_M_deallocate_nodesEPS7_
FN:2039,2048,_ZNSt8__detail16_Hashtable_allocISaINS_10_Hash_nodeISt4pairIK11HarmanStateNSt7__cxx1112basic_stringIcSt11char_traitsIcESaIcEEEELb0EEEEE19_M_allocate_bucketsEm
FN:2039,2048,_ZNSt8__detail16_Hashtable_allocISaINS_10_Hash_nodeISt4pairIK12QuectelState11HarmanStateELb0EEEEE19_M_allocate_bucketsEm
FN:2052,2060,_ZNSt8__detail16_Hashtable_allocISaINS_10_Hash_nodeISt4pairIK11HarmanStateNSt7__cxx1112basic_stringIcSt11char_traitsIcESaIcEEEELb0EEEEE21_M_deallocate_bucketsEPPNS_15_Hash_node_baseEm
FN:2052,2060,_ZNSt8__detail16_Hashtable_allocISaINS_10_Hash_nodeISt4pairIK12QuectelState11HarmanStateELb0EEEEE21_M_deallocate_bucketsEPPNS_15_Hash_node_baseEm
FN:242,243,_ZNSt8__detail10_AllocNodeISaINS_10_Hash_nodeISt4pairIK11HarmanStateNSt7__cxx1112basic_stringIcSt11char_traitsIcESaIcEEEELb0EEEEEC2ERNS_16_Hashtable_allocISD_EE
FN:242,243,_ZNSt8__detail10_AllocNodeISaINS_10_Hash_nodeISt4pairIK12QuectelState11HarmanStateELb0EEEEEC2ERNS_16_Hashtable_allocIS8_EE
FN:247,248,_ZNKSt8__detail10_AllocNodeISaINS_10_Hash_nodeISt4pairIK11HarmanStateNSt7__cxx1112basic_stringIcSt11char_traitsIcESaIcEEEELb0EEEEEclIJRS4_RKSA_EEEPSC_DpOT_
FN:247,248,_ZNKSt8__detail10_AllocNodeISaINS_10_Hash_nodeISt4pairIK12QuectelState11HarmanStateELb0EEEEEclIJRS4_RKS5_EEEPS7_DpOT_
FN:297,298,_ZNSt8__detail22_Hashtable_hash_traitsISt4hashI11HarmanStateEE22__small_size_thresholdEv
FN:297,298,_ZNSt8__detail22_Hashtable_hash_traitsISt4hashI12QuectelStateEE22__small_size_thresholdEv
FN:313,313,_ZNSt8__detail15_Hash_node_baseC2Ev
FN:380,381,_ZNKSt8__detail10_Hash_nodeISt4pairIK11HarmanStateNSt7__cxx1112basic_stringIcSt11char_traitsIcESaIcEEEELb0EE7_M_nextEv
FN:380,381,_ZNKSt8__detail10_Hash_nodeISt4pairIK12QuectelState11HarmanStateELb0EE7_M_nextEv
FN:393,394,_ZNSt8__detail19_Node_iterator_baseISt4pairIK11HarmanStateNSt7__cxx1112basic_stringIcSt11char_traitsIcESaIcEEEELb0EEC2EPNS_10_Hash_nodeISA_Lb0EEE
FN:393,394,_ZNSt8__detail19_Node_iterator_baseISt4pairIK12QuectelState11HarmanStateELb0EEC2EPNS_10_Hash_nodeIS5_Lb0EEE
FN:397,398,_ZNSt8__detail19_Node_iterator_baseISt4pairIK11HarmanStateNSt7__cxx1112basic_stringIcSt11char_traitsIcESaIcEEEELb0EE7_M_incrEv
FN:397,398,_ZNSt8__detail19_Node_iterator_baseISt4pairIK12QuectelState11HarmanStateELb0EE7_M_incrEv
FN:407,409,_ZNSt8__detailneERKNS_19_Node_iterator_baseISt4pairIK11HarmanStateNSt7__cxx1112basic_stringIcSt11char_traitsIcESaIcEEEELb0EEESD_
FN:407,409,_ZNSt8__detailneERKNS_19_Node_iterator_baseISt4pairIK12QuectelState11HarmanStateELb0EEES8_
FN:436,437,_ZNSt8__detail14_Node_iteratorISt4pairIK11HarmanStateNSt7__cxx1112basic_stringIcSt11char_traitsIcESaIcEEEELb0ELb0EEC2EPNS_10_Hash_nodeISA_Lb0EEE
FN:436,437,_ZNSt8__detail14_Node_iteratorISt4pairIK12QuectelState11HarmanStateELb0ELb0EEC2EPNS_10_Hash_nodeIS5_Lb0EEE
FN:444,445,_ZNKSt8__detail14_Node_iteratorISt4pairIK11HarmanStateNSt7__cxx1112basic_stringIcSt11char_traitsIcESaIcEEEELb0ELb0EEptEv
FN:444,445,_ZNKSt8__detail14_Node_iteratorISt4pairIK12QuectelState11HarmanStateELb0ELb0EEptEv
FN:448,452,_ZNSt8__detail14_Node_iteratorISt4pairIK11HarmanStateNSt7__cxx1112basic_stringIcSt11char_traitsIcESaIcEEEELb0ELb0EEppEv
FN:448,452,_ZNSt8__detail14_Node_iteratorISt4pairIK12QuectelState11HarmanStateELb0ELb0EEppEv
FN:526,528,_ZNKSt8__detail18_Mod_range_hashingclEmm
FN:544,545,_ZNSt8__detail20_Prime_rehash_policyC2Ef
FN:571,572,_ZNKSt8__detail20_Prime_rehash_policy8_M_stateEv
FN:579,580,_ZNSt8__detail20_Prime_rehash_policy8_M_resetEm
FN:807,828,_ZNSt8__detail9_Map_baseI11HarmanStateSt4pairIKS1_NSt7__cxx1112basic_stringIcSt11char_traitsIcESaIcEEEESaISA_ENS_10_Select1stESt8equal_toIS1_ESt4hashIS1_ENS_18_Mod_range_hashingENS_20_Default_ranged_hashENS_20_Prime_rehash_policyENS_17_Hashtable_traitsILb0ELb0ELb1EEELb1EEixERS3_
FN:807,828,_ZNSt8__detail9_Map_baseI12QuectelStateSt4pairIKS1_11HarmanStateESaIS5_ENS_10_Select1stESt8equal_toIS1_ESt4hashIS1_ENS_18_Mod_range_hashingENS_20_Default_ranged_hashENS_20_Prime_rehash_policyENS_17_Hashtable_traitsILb0ELb0ELb1EEELb1EEixERS3_
FN:903,904,_ZNSt8__detail12_Insert_baseI11HarmanStateSt4pairIKS1_NSt7__cxx1112basic_stringIcSt11char_traitsIcESaIcEEEESaISA_ENS_10_Select1stESt8equal_toIS1_ESt4hashIS1_ENS_18_Mod_range_hashingENS_20_Default_ranged_hashENS_20_Prime_rehash_policyENS_17_Hashtable_traitsILb0ELb0ELb1EEEE20_M_conjure_hashtableEv
FN:903,904,_ZNSt8__detail12_Insert_baseI12QuectelStateSt4pairIKS1_11HarmanStateESaIS5_ENS_10_Select1stESt8equal_toIS1_ESt4hashIS1_ENS_18_Mod_range_hashingENS_20_Default_ranged_hashENS_20_Prime_rehash_policyENS_17_Hashtable_traitsILb0ELb0ELb1EEEE20_M_conjure_hashtableEv
FN:972,977,_ZNSt8__detail12_Insert_baseI11HarmanStateSt4pairIKS1_NSt7__cxx1112basic_stringIcSt11char_traitsIcESaIcEEEESaISA_ENS_10_Select1stESt8equal_toIS1_ESt4hashIS1_ENS_18_Mod_range_hashingENS_20_Default_ranged_hashENS_20_Prime_rehash_policyENS_17_Hashtable_traitsILb0ELb0ELb1EEEE6insertIPKSA_EEvT_SQ_
FN:972,977,_ZNSt8__detail12_Insert_baseI12QuectelStateSt4pairIKS1_11HarmanStateESaIS5_ENS_10_Select1stESt8equal_toIS1_ESt4hashIS1_ENS_18_Mod_range_hashingENS_20_Default_ranged_hashENS_20_Prime_rehash_policyENS_17_Hashtable_traitsILb0ELb0ELb1EEEE6insertIPKS5_EEvT_SL_
FN:986,995,_ZNSt8__detail12_Insert_baseI11HarmanStateSt4pairIKS1_NSt7__cxx1112basic_stringIcSt11char_traitsIcESaIcEEEESaISA_ENS_10_Select1stESt8equal_toIS1_ESt4hashIS1_ENS_18_Mod_range_hashingENS_20_Default_ranged_hashENS_20_Prime_rehash_policyENS_17_Hashtable_traitsILb0ELb0ELb1EEEE15_M_insert_rangeIPKSA_NS_10_AllocNodeISaINS_10_Hash_nodeISA_Lb0EEEEEEEEvT_SV_RKT0_St17integral_constantIbLb1EE
FN:986,995,_ZNSt8__detail12_Insert_baseI12QuectelStateSt4pairIKS1_11HarmanStateESaIS5_ENS_10_Select1stESt8equal_toIS1_ESt4hashIS1_ENS_18_Mod_range_hashingENS_20_Default_ranged_hashENS_20_Prime_rehash_policyENS_17_Hashtable_traitsILb0ELb0ELb1EEEE15_M_insert_rangeIPKS5_NS_10_AllocNodeISaINS_10_Hash_nodeIS5_Lb0EEEEEEEEvT_SQ_RKT0_St17integral_constantIbLb1EE
FNDA:336,_ZNKSt8__detail10_Select1stclIRKSt4pairIK11HarmanStateNSt7__cxx1112basic_stringIcSt11char_traitsIcESaIcEEEEEEONS0_10__1st_typeIT_E4typeEOSF_
FNDA:336,_ZNKSt8__detail10_Select1stclIRKSt4pairIK12QuectelState11HarmanStateEEEONS0_10__1st_typeIT_E4typeEOSA_
FNDA:28,_ZNSt8__detail21_Hashtable_ebo_helperILi0ESaINS_10_Hash_nodeISt4pairIK11HarmanStateNSt7__cxx1112basic_stringIcSt11char_traitsIcESaIcEEEELb0EEEELb1EEC2ISD_EEOT_
FNDA:28,_ZNSt8__detail21_Hashtable_ebo_helperILi0ESaINS_10_Hash_nodeISt4pairIK12QuectelState11HarmanStateELb0EEEELb1EEC2IS8_EEOT_
FNDA:28,_ZNSt8__detail21_Hashtable_ebo_helperILi0ESt8equal_toI11HarmanStateELb1EEC2IRKS3_EEOT_
FNDA:28,_ZNSt8__detail21_Hashtable_ebo_helperILi0ESt8equal_toI12QuectelStateELb1EEC2IRKS3_EEOT_
FNDA:28,_ZNSt8__detail21_Hashtable_ebo_helperILi1ESt4hashI11HarmanStateELb1EEC2IRKS3_EEOT_
FNDA:28,_ZNSt8__detail21_Hashtable_ebo_helperILi1ESt4hashI12QuectelStateELb1EEC2IRKS3_EEOT_
FNDA:28,_ZNKSt8__detail21_Hashtable_ebo_helperILi0ESt8equal_toI11HarmanStateELb1EE7_M_cgetEv
FNDA:28,_ZNKSt8__detail21_Hashtable_ebo_helperILi0ESt8equal_toI12QuectelStateELb1EE7_M_cgetEv
FNDA:336,_ZNKSt8__detail21_Hashtable_ebo_helperILi1ESt4hashI11HarmanStateELb1EE7_M_cgetEv
FNDA:336,_ZNKSt8__detail21_Hashtable_ebo_helperILi1ESt4hashI12QuectelStateELb1EE7_M_cgetEv
FNDA:728,_ZNSt8__detail21_Hashtable_ebo_helperILi0ESaINS_10_Hash_nodeISt4pairIK11HarmanStateNSt7__cxx1112basic_stringIcSt11char_traitsIcESaIcEEEELb0EEEELb1EE6_M_getEv
FNDA:728,_ZNSt8__detail21_Hashtable_ebo_helperILi0ESaINS_10_Hash_nodeISt4pairIK12QuectelState11HarmanStateELb0EEEELb1EE6_M_getEv
FNDA:28,_ZNSt8__detail15_Hash_code_baseI11HarmanStateSt4pairIKS1_NSt7__cxx1112basic_stringIcSt11char_traitsIcESaIcEEEENS_10_Select1stESt4hashIS1_ENS_18_Mod_range_hashingENS_20_Default_ranged_hashELb0EEC2ERKSD_
FNDA:28,_ZNSt8__detail15_Hash_code_baseI12QuectelStateSt4pairIKS1_11HarmanStateENS_10_Select1stESt4hashIS1_ENS_18_Mod_range_hashingENS_20_Default_ranged_hashELb0EEC2ERKS8_
FNDA:168,_ZNKSt8__detail15_Hash_code_baseI11HarmanStateSt4pairIKS1_NSt7__cxx1112basic_stringIcSt11char_traitsIcESaIcEEEENS_10_Select1stESt4hashIS1_ENS_18_Mod_range_hashingENS_20_Default_ranged_hashELb0EE12_M_hash_codeERS3_
FNDA:168,_ZNKSt8__detail15_Hash_code_baseI12QuectelStateSt4pairIKS1_11HarmanStateENS_10_Select1stESt4hashIS1_ENS_18_Mod_range_hashingENS_20_Default_ranged_hashELb0EE12_M_hash_codeERS3_
FNDA:168,_ZNKSt8__detail15_Hash_code_baseI11HarmanStateSt4pairIKS1_NSt7__cxx1112basic_stringIcSt11char_traitsIcESaIcEEEENS_10_Select1stESt4hashIS1_ENS_18_Mod_range_hashingENS_20_Default_ranged_hashELb0EE15_M_hash_code_trIS1_EEmRKT_
FNDA:168,_ZNKSt8__detail15_Hash_code_baseI12QuectelStateSt4pairIKS1_11HarmanStateENS_10_Select1stESt4hashIS1_ENS_18_Mod_range_hashingENS_20_Default_ranged_hashELb0EE15_M_hash_code_trIS1_EEmRKT_
FNDA:224,_ZNKSt8__detail15_Hash_code_baseI11HarmanStateSt4pairIKS1_NSt7__cxx1112basic_stringIcSt11char_traitsIcESaIcEEEENS_10_Select1stESt4hashIS1_ENS_18_Mod_range_hashingENS_20_Default_ranged_hashELb0EE15_M_bucket_indexEmm
FNDA:224,_ZNKSt8__detail15_Hash_code_baseI12QuectelStateSt4pairIKS1_11HarmanStateENS_10_Select1stESt4hashIS1_ENS_18_Mod_range_hashingENS_20_Default_ranged_hashELb0EE15_M_bucket_indexEmm
FNDA:140,_ZNKSt8__detail15_Hash_code_baseI11HarmanStateSt4pairIKS1_NSt7__cxx1112basic_stringIcSt11char_traitsIcESaIcEEEENS_10_Select1stESt4hashIS1_ENS_18_Mod_range_hashingENS_20_Default_ranged_hashELb0EE15_M_bucket_indexERKNS_16_Hash_node_valueISA_Lb0EEEm
FNDA:140,_ZNKSt8__detail15_Hash_code_baseI12QuectelStateSt4pairIKS1_11HarmanStateENS_10_Select1stESt4hashIS1_ENS_18_Mod_range_hashingENS_20_Default_ranged_hashELb0EE15_M_bucket_indexERKNS_16_Hash_node_valueIS5_Lb0EEEm
FNDA:168,_ZNKSt8__detail15_Hash_code_baseI11HarmanStateSt4pairIKS1_NSt7__cxx1112basic_stringIcSt11char_traitsIcESaIcEEEENS_10_Select1stESt4hashIS1_ENS_18_Mod_range_hashingENS_20_Default_ranged_hashELb0EE13_M_store_codeERNS_21_Hash_node_code_cacheILb0EEEm
FNDA:168,_ZNKSt8__detail15_Hash_code_baseI12QuectelStateSt4pairIKS1_11HarmanStateENS_10_Select1stESt4hashIS1_ENS_18_Mod_range_hashingENS_20_Default_ranged_hashELb0EE13_M_store_codeERNS_21_Hash_node_code_cacheILb0EEEm
FNDA:168,_ZNKSt8__detail19_ConvertToValueTypeINS_10_Select1stESt4pairIK11HarmanStateNSt7__cxx1112basic_stringIcSt11char_traitsIcESaIcEEEEEclERKSB_
FNDA:168,_ZNKSt8__detail19_ConvertToValueTypeINS_10_Select1stESt4pairIK12QuectelState11HarmanStateEEclERKS6_
FNDA:336,_ZNKSt8__detail15_Hash_code_baseI11HarmanStateSt4pairIKS1_NSt7__cxx1112basic_stringIcSt11char_traitsIcESaIcEEEENS_10_Select1stESt4hashIS1_ENS_18_Mod_range_hashingENS_20_Default_ranged_hashELb0EE7_M_hashEv
FNDA:336,_ZNKSt8__detail15_Hash_code_baseI12QuectelStateSt4pairIKS1_11HarmanStateENS_10_Select1stESt4hashIS1_ENS_18_Mod_range_hashingENS_20_Default_ranged_hashELb0EE7_M_hashEv
FNDA:168,_ZNSt8__detail12_NodeBuilderINS_10_Select1stEE8_S_buildIRK11HarmanStateRKSt4pairIS5_NSt7__cxx1112basic_stringIcSt11char_traitsIcESaIcEEEENS_10_AllocNodeISaINS_10_Hash_nodeISE_Lb0EEEEEEEEPNT1_11__node_typeEOT_OT0_RKSM_
FNDA:168,_ZNSt8__detail12_NodeBuilderINS_10_Select1stEE8_S_buildIRK12QuectelStateRKSt4pairIS5_11HarmanStateENS_10_AllocNodeISaINS_10_Hash_nodeIS9_Lb0EEEEEEEEPNT1_11__node_typeEOT_OT0_RKSH_
FNDA:28,_ZNSt8__detail15_Hashtable_baseI11HarmanStateSt4pairIKS1_NSt7__cxx1112basic_stringIcSt11char_traitsIcESaIcEEEENS_10_Select1stESt8equal_toIS1_ESt4hashIS1_ENS_18_Mod_range_hashingENS_20_Default_ranged_hashENS_17_Hashtable_traitsILb0ELb0ELb1EEEE9_S_equalsEmRKNS_21_Hash_node_code_cacheILb0EEE
FNDA:28,_ZNSt8__detail15_Hashtable_baseI12QuectelStateSt4pairIKS1_11HarmanStateENS_10_Select1stESt8equal_toIS1_ESt4hashIS1_ENS_18_Mod_range_hashingENS_20_Default_ranged_hashENS_17_Hashtable_traitsILb0ELb0ELb1EEEE9_S_equalsEmRKNS_21_Hash_node_code_cacheILb0EEE
FNDA:28,_ZNSt8__detail15_Hashtable_baseI11HarmanStateSt4pairIKS1_NSt7__cxx1112basic_stringIcSt11char_traitsIcESaIcEEEENS_10_Select1stESt8equal_toIS1_ESt4hashIS1_ENS_18_Mod_range_hashingENS_20_Default_ranged_hashENS_17_Hashtable_traitsILb0ELb0ELb1EEEEC2ERKSF_RKSD_
FNDA:28,_ZNSt8__detail15_Hashtable_baseI12QuectelStateSt4pairIKS1_11HarmanStateENS_10_Select1stESt8equal_toIS1_ESt4hashIS1_ENS_18_Mod_range_hashingENS_20_Default_ranged_hashENS_17_Hashtable_traitsILb0ELb0ELb1EEEEC2ERKSA_RKS8_
FNDA:28,_ZNKSt8__detail15_Hashtable_baseI11HarmanStateSt4pairIKS1_NSt7__cxx1112basic_stringIcSt11char_traitsIcESaIcEEEENS_10_Select1stESt8equal_toIS1_ESt4hashIS1_ENS_18_Mod_range_hashingENS_20_Default_ranged_hashENS_17_Hashtable_traitsILb0ELb0ELb1EEEE13_M_key_equalsERS3_RKNS_16_Hash_node_valueISA_Lb0EEE
FNDA:28,_ZNKSt8__detail15_Hashtable_baseI12QuectelStateSt4pairIKS1_11HarmanStateENS_10_Select1stESt8equal_toIS1_ESt4hashIS1_ENS_18_Mod_range_hashingENS_20_Default_ranged_hashENS_17_Hashtable_traitsILb0ELb0ELb1EEEE13_M_key_equalsERS3_RKNS_16_Hash_node_valueIS5_Lb0EEE
FNDA:0,_ZNKSt8__detail15_Hashtable_baseI11HarmanStateSt4pairIKS1_NSt7__cxx1112basic_stringIcSt11char_traitsIcESaIcEEEENS_10_Select1stESt8equal_toIS1_ESt4hashIS1_ENS_18_Mod_range_hashingENS_20_Default_ranged_hashENS_17_Hashtable_traitsILb0ELb0ELb1EEEE16_M_key_equals_trIS1_EEbRKT_RKNS_16_Hash_node_valueISA_Lb0EEE
FNDA:0,_ZNKSt8__detail15_Hashtable_baseI12QuectelStateSt4pairIKS1_11HarmanStateENS_10_Select1stESt8equal_toIS1_ESt4hashIS1_ENS_18_Mod_range_hashingENS_20_Default_ranged_hashENS_17_Hashtable_traitsILb0ELb0ELb1EEEE16_M_key_equals_trIS1_EEbRKT_RKNS_16_Hash_node_valueIS5_Lb0EEE
FNDA:28,_ZNKSt8__detail15_Hashtable_baseI11HarmanStateSt4pairIKS1_NSt7__cxx1112basic_stringIcSt11char_traitsIcESaIcEEEENS_10_Select1stESt8equal_toIS1_ESt4hashIS1_ENS_18_Mod_range_hashingENS_20_Default_ranged_hashENS_17_Hashtable_traitsILb0ELb0ELb1EEEE9_M_equalsERS3_mRKNS_16_Hash_node_valueISA_Lb0EEE
FNDA:28,_ZNKSt8__detail15_Hashtable_baseI12QuectelStateSt4pairIKS1_11HarmanStateENS_10_Select1stESt8equal_toIS1_ESt4hashIS1_ENS_18_Mod_range_hashingENS_20_Default_ranged_hashENS_17_Hashtable_traitsILb0ELb0ELb1EEEE9_M_equalsERS3_mRKNS_16_Hash_node_valueIS5_Lb0EEE
FNDA:0,_ZNKSt8__detail15_Hashtable_baseI11HarmanStateSt4pairIKS1_NSt7__cxx1112basic_stringIcSt11char_traitsIcESaIcEEEENS_10_Select1stESt8equal_toIS1_ESt4hashIS1_ENS_18_Mod_range_hashingENS_20_Default_ranged_hashENS_17_Hashtable_traitsILb0ELb0ELb1EEEE12_M_equals_trIS1_EEbRKT_mRKNS_16_Hash_node_valueISA_Lb0EEE
FNDA:0,_ZNKSt8__detail15_Hashtable_baseI12QuectelStateSt4pairIKS1_11HarmanStateENS_10_Select1stESt8equal_toIS1_ESt4hashIS1_ENS_18_Mod_range_hashingENS_20_Default_ranged_hashENS_17_Hashtable_traitsILb0ELb0ELb1EEEE12_M_equals_trIS1_EEbRKT_mRKNS_16_Hash_node_valueIS5_Lb0EEE
FNDA:28,_ZNKSt8__detail15_Hashtable_baseI11HarmanStateSt4pairIKS1_NSt7__cxx1112basic_stringIcSt11char_traitsIcESaIcEEEENS_10_Select1stESt8equal_toIS1_ESt4hashIS1_ENS_18_Mod_range_hashingENS_20_Default_ranged_hashENS_17_Hashtable_traitsILb0ELb0ELb1EEEE5_M_eqEv
FNDA:28,_ZNKSt8__detail15_Hashtable_baseI12QuectelStateSt4pairIKS1_11HarmanStateENS_10_Select1stESt8equal_toIS1_ESt4hashIS1_ENS_18_Mod_range_hashingENS_20_Default_ranged_hashENS_17_Hashtable_traitsILb0ELb0ELb1EEEE5_M_eqEv
FNDA:28,_ZNSt8__detail16_Hashtable_allocISaINS_10_Hash_nodeISt4pairIK11HarmanStateNSt7__cxx1112basic_stringIcSt11char_traitsIcESaIcEEEELb0EEEEEC2ISD_EEOT_
FNDA:28,_ZNSt8__detail16_Hashtable_allocISaINS_10_Hash_nodeISt4pairIK12QuectelState11HarmanStateELb0EEEEEC2IS8_EEOT_
FNDA:728,_ZNSt8__detail16_Hashtable_allocISaINS_10_Hash_nodeISt4pairIK11HarmanStateNSt7__cxx1112basic_stringIcSt11char_traitsIcESaIcEEEELb0EEEEE17_M_node_allocatorEv
FNDA:728,_ZNSt8__detail16_Hashtable_allocISaINS_10_Hash_nodeISt4pairIK12QuectelState11HarmanStateELb0EEEEE17_M_node_allocatorEv
FNDA:0,_ZNSt8__detail16_Hashtable_allocISaINS_10_Hash_nodeISt4pairIK11HarmanStateNSt7__cxx1112basic_stringIcSt11char_traitsIcESaIcEEEELb0EEEEE16_M_allocate_nodeIJRKSt21piecewise_construct_tSt5tupleIJRS4_EESJ_IJEEEEEPSC_DpOT_
FNDA:168,_ZNSt8__detail16_Hashtable_allocISaINS_10_Hash_nodeISt4pairIK11HarmanStateNSt7__cxx1112basic_stringIcSt11char_traitsIcESaIcEEEELb0EEEEE16_M_allocate_nodeIJRS4_RKSA_EEEPSC_DpOT_
FNDA:0,_ZNSt8__detail16_Hashtable_allocISaINS_10_Hash_nodeISt4pairIK12QuectelState11HarmanStateELb0EEEEE16_M_allocate_nodeIJRKSt21piecewise_construct_tSt5tupleIJRS4_EESE_IJEEEEEPS7_DpOT_
FNDA:168,_ZNSt8__detail16_Hashtable_allocISaINS_10_Hash_nodeISt4pairIK12QuectelState11HarmanStateELb0EEEEE16_M_allocate_nodeIJRS4_RKS5_EEEPS7_DpOT_
FNDA:168,_ZNSt8__detail16_Hashtable_allocISaINS_10_Hash_nodeISt4pairIK11HarmanStateNSt7__cxx1112basic_stringIcSt11char_traitsIcESaIcEEEELb0EEEEE18_M_deallocate_nodeEPSC_
FNDA:168,_ZNSt8__detail16_Hashtable_allocISaINS_10_Hash_nodeISt4pairIK12QuectelState11HarmanStateELb0EEEEE18_M_deallocate_nodeEPS7_
FNDA:168,_ZNSt8__detail16_Hashtable_allocISaINS_10_Hash_nodeISt4pairIK11HarmanStateNSt7__cxx1112basic_stringIcSt11char_traitsIcESaIcEEEELb0EEEEE22_M_deallocate_node_ptrEPSC_
FNDA:168,_ZNSt8__detail16_Hashtable_allocISaINS_10_Hash_nodeISt4pairIK12QuectelState11HarmanStateELb0EEEEE22_M_deallocate_node_ptrEPS7_
FNDA:28,_ZNSt8__detail16_Hashtable_allocISaINS_10_Hash_nodeISt4pairIK11HarmanStateNSt7__cxx1112basic_stringIcSt11char_traitsIcESaIcEEEELb0EEEEE19_M_deallocate_nodesEPSC_
FNDA:28,_ZNSt8__detail16_Hashtable_allocISaINS_10_Hash_nodeISt4pairIK12QuectelState11HarmanStateELb0EEEEE19_M_deallocate_nodesEPS7_
FNDA:28,_ZNSt8__detail16_Hashtable_allocISaINS_10_Hash_nodeISt4pairIK11HarmanStateNSt7__cxx1112basic_stringIcSt11char_traitsIcESaIcEEEELb0EEEEE19_M_allocate_bucketsEm
FNDA:28,_ZNSt8__detail16_Hashtable_allocISaINS_10_Hash_nodeISt4pairIK12QuectelState11HarmanStateELb0EEEEE19_M_allocate_bucketsEm
FNDA:28,_ZNSt8__detail16_Hashtable_allocISaINS_10_Hash_nodeISt4pairIK11HarmanStateNSt7__cxx1112basic_stringIcSt11char_traitsIcESaIcEEEELb0EEEEE21_M_deallocate_bucketsEPPNS_15_Hash_node_baseEm
FNDA:28,_ZNSt8__detail16_Hashtable_allocISaINS_10_Hash_nodeISt4pairIK12QuectelState11HarmanStateELb0EEEEE21_M_deallocate_bucketsEPPNS_15_Hash_node_baseEm
FNDA:28,_ZNSt8__detail10_AllocNodeISaINS_10_Hash_nodeISt4pairIK11HarmanStateNSt7__cxx1112basic_stringIcSt11char_traitsIcESaIcEEEELb0EEEEEC2ERNS_16_Hashtable_allocISD_EE
FNDA:28,_ZNSt8__detail10_AllocNodeISaINS_10_Hash_nodeISt4pairIK12QuectelState11HarmanStateELb0EEEEEC2ERNS_16_Hashtable_allocIS8_EE
FNDA:168,_ZNKSt8__detail10_AllocNodeISaINS_10_Hash_nodeISt4pairIK11HarmanStateNSt7__cxx1112basic_stringIcSt11char_traitsIcESaIcEEEELb0EEEEEclIJRS4_RKSA_EEEPSC_DpOT_
FNDA:168,_ZNKSt8__detail10_AllocNodeISaINS_10_Hash_nodeISt4pairIK12QuectelState11HarmanStateELb0EEEEEclIJRS4_RKS5_EEEPS7_DpOT_
FNDA:336,_ZNSt8__detail22_Hashtable_hash_traitsISt4hashI11HarmanStateEE22__small_size_thresholdEv
FNDA:336,_ZNSt8__detail22_Hashtable_hash_traitsISt4hashI12QuectelStateEE22__small_size_thresholdEv
FNDA:436,_ZNSt8__detail15_Hash_node_baseC2Ev
FNDA:308,_ZNKSt8__detail10_Hash_nodeISt4pairIK11HarmanStateNSt7__cxx1112basic_stringIcSt11char_traitsIcESaIcEEEELb0EE7_M_nextEv
FNDA:308,_ZNKSt8__detail10_Hash_nodeISt4pairIK12QuectelState11HarmanStateELb0EE7_M_nextEv
FNDA:224,_ZNSt8__detail19_Node_iterator_baseISt4pairIK11HarmanStateNSt7__cxx1112basic_stringIcSt11char_traitsIcESaIcEEEELb0EEC2EPNS_10_Hash_nodeISA_Lb0EEE
FNDA:224,_ZNSt8__detail19_Node_iterator_baseISt4pairIK12QuectelState11HarmanStateELb0EEC2EPNS_10_Hash_nodeIS5_Lb0EEE
FNDA:0,_ZNSt8__detail19_Node_iterator_baseISt4pairIK11HarmanStateNSt7__cxx1112basic_stringIcSt11char_traitsIcESaIcEEEELb0EE7_M_incrEv
FNDA:0,_ZNSt8__detail19_Node_iterator_baseISt4pairIK12QuectelState11HarmanStateELb0EE7_M_incrEv
FNDA:28,_ZNSt8__detailneERKNS_19_Node_iterator_baseISt4pairIK11HarmanStateNSt7__cxx1112basic_stringIcSt11char_traitsIcESaIcEEEELb0EEESD_
FNDA:28,_ZNSt8__detailneERKNS_19_Node_iterator_baseISt4pairIK12QuectelState11HarmanStateELb0EEES8_
FNDA:224,_ZNSt8__detail14_Node_iteratorISt4pairIK11HarmanStateNSt7__cxx1112basic_stringIcSt11char_traitsIcESaIcEEEELb0ELb0EEC2EPNS_10_Hash_nodeISA_Lb0EEE
FNDA:224,_ZNSt8__detail14_Node_iteratorISt4pairIK12QuectelState11HarmanStateELb0ELb0EEC2EPNS_10_Hash_nodeIS5_Lb0EEE
FNDA:0,_ZNKSt8__detail14_Node_iteratorISt4pairIK11HarmanStateNSt7__cxx1112basic_stringIcSt11char_traitsIcESaIcEEEELb0ELb0EEptEv
FNDA:0,_ZNKSt8__detail14_Node_iteratorISt4pairIK12QuectelState11HarmanStateELb0ELb0EEptEv
FNDA:0,_ZNSt8__detail14_Node_iteratorISt4pairIK11HarmanStateNSt7__cxx1112basic_stringIcSt11char_traitsIcESaIcEEEELb0ELb0EEppEv
FNDA:0,_ZNSt8__detail14_Node_iteratorISt4pairIK12QuectelState11HarmanStateELb0ELb0EEppEv
FNDA:736,_ZNKSt8__detail18_Mod_range_hashingclEmm
FNDA:96,_ZNSt8__detail20_Prime_rehash_policyC2Ef
FNDA:340,_ZNKSt8__detail20_Prime_rehash_policy8_M_stateEv
FNDA:0,_ZNSt8__detail20_Prime_rehash_policy8_M_resetEm
[...]
FN:383,385,_ZN7testing8internal19FormatForComparisonISt8optionalINSt7__cxx1112basic_stringIcSt11char_traitsIcESaIcEEEEA17_cE6FormatERKS9_
FN:383,385,_ZN7testing8internal19FormatForComparisonISt8optionalINSt7__cxx1112basic_stringIcSt11char_traitsIcESaIcEEEEA18_cE6FormatERKS9_
FN:383,385,_ZN7testing8internal19FormatForComparisonISt8optionalINSt7__cxx1112basic_stringIcSt11char_traitsIcESaIcEEEEA7_cE6FormatERKS9_
FN:383,385,_ZN7testing8internal19FormatForComparisonISt8optionalINSt7__cxx1112basic_stringIcSt11char_traitsIcESaIcEEEESt9nullopt_tE6FormatERKS9_
FN:383,385,_ZN7testing8internal19FormatForComparisonISt9nullopt_tSt8optionalINSt7__cxx1112basic_stringIcSt11char_traitsIcESaIcEEEEE6FormatERKS2_
FN:392,394,_ZN7testing8internal19FormatForComparisonIA13_cSt8optionalINSt7__cxx1112basic_stringIcSt11char_traitsIcESaIcEEEEE6FormatEPKc
FN:392,394,_ZN7testing8internal19FormatForComparisonIA15_cSt8optionalINSt7__cxx1112basic_stringIcSt11char_traitsIcESaIcEEEEE6FormatEPKc
FN:392,394,_ZN7testing8internal19FormatForComparisonIA16_cSt8optionalINSt7__cxx1112basic_stringIcSt11char_traitsIcESaIcEEEEE6FormatEPKc
FN:392,394,_ZN7testing8internal19FormatForComparisonIA17_cSt8optionalINSt7__cxx1112basic_stringIcSt11char_traitsIcESaIcEEEEE6FormatEPKc
FN:392,394,_ZN7testing8internal19FormatForComparisonIA18_cSt8optionalINSt7__cxx1112basic_stringIcSt11char_traitsIcESaIcEEEEE6FormatEPKc
FN:392,394,_ZN7testing8internal19FormatForComparisonIA7_cSt8optionalINSt7__cxx1112basic_stringIcSt11char_traitsIcESaIcEEEEE6FormatEPKc
FN:410,410,_ZN7testing8internal19FormatForComparisonIPKcSt8optionalINSt7__cxx1112basic_stringIcSt11char_traitsIcESaIcEEEEE6FormatES3_
FN:463,466,_ZN7testing8internal33FormatForComparisonFailureMessageIA13_cSt8optionalINSt7__cxx1112basic_stringIcSt11char_traitsIcESaIcEEEEEES9_RKT_RKT0_
FN:463,466,_ZN7testing8internal33FormatForComparisonFailureMessageIA15_cSt8optionalINSt7__cxx1112basic_stringIcSt11char_traitsIcESaIcEEEEEES9_RKT_RKT0_
FN:463,466,_ZN7testing8internal33FormatForComparisonFailureMessageIA16_cSt8optionalINSt7__cxx1112basic_stringIcSt11char_traitsIcESaIcEEEEEES9_RKT_RKT0_
FN:463,466,_ZN7testing8internal33FormatForComparisonFailureMessageIA17_cSt8optionalINSt7__cxx1112basic_stringIcSt11char_traitsIcESaIcEEEEEES9_RKT_RKT0_
FN:463,466,_ZN7testing8internal33FormatForComparisonFailureMessageIA18_cSt8optionalINSt7__cxx1112basic_stringIcSt11char_traitsIcESaIcEEEEEES9_RKT_RKT0_
FN:463,466,_ZN7testing8internal33FormatForComparisonFailureMessageIA7_cSt8optionalINSt7__cxx1112basic_stringIcSt11char_traitsIcESaIcEEEEEES9_RKT_RKT0_
FN:463,466,_ZN7testing8internal33FormatForComparisonFailureMessageISt8optionalINSt7__cxx1112basic_stringIcSt11char_traitsIcESaIcEEEEA13_cEES8_RKT_RKT0_
FN:463,466,_ZN7testing8internal33FormatForComparisonFailureMessageISt8optionalINSt7__cxx1112basic_stringIcSt11char_traitsIcESaIcEEEEA15_cEES8_RKT_RKT0_
FN:463,466,_ZN7testing8internal33FormatForComparisonFailureMessageISt8optionalINSt7__cxx1112basic_stringIcSt11char_traitsIcESaIcEEEEA16_cEES8_RKT_RKT0_
FN:463,466,_ZN7testing8internal33FormatForComparisonFailureMessageISt8optionalINSt7__cxx1112basic_stringIcSt11char_traitsIcESaIcEEEEA17_cEES8_RKT_RKT0_
FN:463,466,_ZN7testing8internal33FormatForComparisonFailureMessageISt8optionalINSt7__cxx1112basic_stringIcSt11char_traitsIcESaIcEEEEA18_cEES8_RKT_RKT0_
FN:463,466,_ZN7testing8internal33FormatForComparisonFailureMessageISt8optionalINSt7__cxx1112basic_stringIcSt11char_traitsIcESaIcEEEEA7_cEES8_RKT_RKT0_
FN:463,466,_ZN7testing8internal33FormatForComparisonFailureMessageISt8optionalINSt7__cxx1112basic_stringIcSt11char_traitsIcESaIcEEEESt9nullopt_tEES8_RKT_RKT0_
FN:463,466,_ZN7testing8internal33FormatForComparisonFailureMessageISt9nullopt_tSt8optionalINSt7__cxx1112basic_stringIcSt11char_traitsIcESaIcEEEEEES9_RKT_RKT0_
FN:490,492,_ZN7testing8internal7PrintToIPKvEEvRKT_PSo
FN:700,702,_ZN7testing8internal7PrintToERKNSt7__cxx1112basic_stringIcSt11char_traitsIcESaIcEEEPSo
FN:874,884,_ZN7testing8internal16UniversalPrinterINSt7__cxx1112basic_stringIcSt11char_traitsIcESaIcEEEE5PrintERKS7_PSo
FN:874,884,_ZN7testing8internal16UniversalPrinterIPKvE5PrintERKS3_PSo
FN:928,936,_ZN7testing8internal16UniversalPrinterISt8optionalINSt7__cxx1112basic_stringIcSt11char_traitsIcESaIcEEEEE5PrintERKS9_PSo
FN:942,944,_ZN7testing8internal16UniversalPrinterISt9nullopt_tE5PrintES2_PSo
FNDA:0,_ZN7testing8internal21UniversalTersePrinterIPKvE5PrintERKS3_PSo
FNDA:0,_ZN7testing8internal21UniversalTersePrinterISt8optionalINSt7__cxx1112basic_stringIcSt11char_traitsIcESaIcEEEEE5PrintERKS9_PSo
FNDA:0,_ZN7testing8internal21UniversalTersePrinterISt9nullopt_tE5PrintERKS2_PSo
FNDA:0,_ZN7testing8internal14UniversalPrintINSt7__cxx1112basic_stringIcSt11char_traitsIcESaIcEEEEEvRKT_PSo
FNDA:0,_ZN7testing8internal14UniversalPrintIPKvEEvRKT_PSo
FNDA:0,_ZN7testing8internal14UniversalPrintISt8optionalINSt7__cxx1112basic_stringIcSt11char_traitsIcESaIcEEEEEEvRKT_PSo
FNDA:0,_ZN7testing8internal14UniversalPrintISt9nullopt_tEEvRKT_PSo
FNDA:0,_ZN7testing13PrintToStringIPKvEENSt7__cxx1112basic_stringIcSt11char_traitsIcESaIcEEERKT_
FNDA:0,_ZN7testing13PrintToStringISt8optionalINSt7__cxx1112basic_stringIcSt11char_traitsIcESaIcEEEEEES7_RKT_
FNDA:0,_ZN7testing13PrintToStringISt9nullopt_tEENSt7__cxx1112basic_stringIcSt11char_traitsIcESaIcEEERKT_
FNDA:0,_ZN7testing8internal14PointerPrinter10PrintValueIKvEEvPT_PSo
FNDA:0,_ZN7testing8internal17PrintWithFallbackIPKvEEvRKT_PSo
FNDA:0,_ZN7testing8internal19FormatForComparisonISt8optionalINSt7__cxx1112basic_stringIcSt11char_traitsIcESaIcEEEEA13_cE6FormatERKS9_
FNDA:0,_ZN7testing8internal19FormatForComparisonISt8optionalINSt7__cxx1112basic_stringIcSt11char_traitsIcESaIcEEEEA15_cE6FormatERKS9_
FNDA:0,_ZN7testing8internal19FormatForComparisonISt8optionalINSt7__cxx1112basic_stringIcSt11char_traitsIcESaIcEEEEA16_cE6FormatERKS9_
FNDA:0,_ZN7testing8internal19FormatForComparisonISt8optionalINSt7__cxx1112basic_stringIcSt11char_traitsIcESaIcEEEEA17_cE6FormatERKS9_
FNDA:0,_ZN7testing8internal19FormatForComparisonISt8optionalINSt7__cxx1112basic_stringIcSt11char_traitsIcESaIcEEEEA18_cE6FormatERKS9_
FNDA:0,_ZN7testing8internal19FormatForComparisonISt8optionalINSt7__cxx1112basic_stringIcSt11char_traitsIcESaIcEEEEA7_cE6FormatERKS9_
FNDA:0,_ZN7testing8internal19FormatForComparisonISt8optionalINSt7__cxx1112basic_stringIcSt11char_traitsIcESaIcEEEESt9nullopt_tE6FormatERKS9_
FNDA:0,_ZN7testing8internal19FormatForComparisonISt9nullopt_tSt8optionalINSt7__cxx1112basic_stringIcSt11char_traitsIcESaIcEEEEE6FormatERKS2_
FNDA:0,_ZN7testing8internal19FormatForComparisonIA13_cSt8optionalINSt7__cxx1112basic_stringIcSt11char_traitsIcESaIcEEEEE6FormatEPKc
FNDA:0,_ZN7testing8internal19FormatForComparisonIA15_cSt8optionalINSt7__cxx1112basic_stringIcSt11char_traitsIcESaIcEEEEE6FormatEPKc
FNDA:0,_ZN7testing8internal19FormatForComparisonIA16_cSt8optionalINSt7__cxx1112basic_stringIcSt11char_traitsIcESaIcEEEEE6FormatEPKc
FNDA:0,_ZN7testing8internal19FormatForComparisonIA17_cSt8optionalINSt7__cxx1112basic_stringIcSt11char_traitsIcESaIcEEEEE6FormatEPKc
FNDA:0,_ZN7testing8internal19FormatForComparisonIA18_cSt8optionalINSt7__cxx1112basic_stringIcSt11char_traitsIcESaIcEEEEE6FormatEPKc
FNDA:0,_ZN7testing8internal19FormatForComparisonIA7_cSt8optionalINSt7__cxx1112basic_stringIcSt11char_traitsIcESaIcEEEEE6FormatEPKc
FNDA:0,_ZN7testing8internal19FormatForComparisonIPKcSt8optionalINSt7__cxx1112basic_stringIcSt11char_traitsIcESaIcEEEEE6FormatES3_
FNDA:0,_ZN7testing8internal33FormatForComparisonFailureMessageIA13_cSt8optionalINSt7__cxx1112basic_stringIcSt11char_traitsIcESaIcEEEEEES9_RKT_RKT0_
FNDA:0,_ZN7testing8internal33FormatForComparisonFailureMessageIA15_cSt8optionalINSt7__cxx1112basic_stringIcSt11char_traitsIcESaIcEEEEEES9_RKT_RKT0_
FNDA:0,_ZN7testing8internal33FormatForComparisonFailureMessageIA16_cSt8optionalINSt7__cxx1112basic_stringIcSt11char_traitsIcESaIcEEEEEES9_RKT_RKT0_
FNDA:0,_ZN7testing8internal33FormatForComparisonFailureMessageIA17_cSt8optionalINSt7__cxx1112basic_stringIcSt11char_traitsIcESaIcEEEEEES9_RKT_RKT0_
FNDA:0,_ZN7testing8internal33FormatForComparisonFailureMessageIA18_cSt8optionalINSt7__cxx1112basic_stringIcSt11char_traitsIcESaIcEEEEEES9_RKT_RKT0_
FNDA:0,_ZN7testing8internal33FormatForComparisonFailureMessageIA7_cSt8optionalINSt7__cxx1112basic_stringIcSt11char_traitsIcESaIcEEEEEES9_RKT_RKT0_
FNDA:0,_ZN7testing8internal33FormatForComparisonFailureMessageISt8optionalINSt7__cxx1112basic_stringIcSt11char_traitsIcESaIcEEEEA13_cEES8_RKT_RKT0_
FNDA:0,_ZN7testing8internal33FormatForComparisonFailureMessageISt8optionalINSt7__cxx1112basic_stringIcSt11char_traitsIcESaIcEEEEA15_cEES8_RKT_RKT0_
FNDA:0,_ZN7testing8internal33FormatForComparisonFailureMessageISt8optionalINSt7__cxx1112basic_stringIcSt11char_traitsIcESaIcEEEEA16_cEES8_RKT_RKT0_
FNDA:0,_ZN7testing8internal33FormatForComparisonFailureMessageISt8optionalINSt7__cxx1112basic_stringIcSt11char_traitsIcESaIcEEEEA17_cEES8_RKT_RKT0_
FNDA:0,_ZN7testing8internal33FormatForComparisonFailureMessageISt8optionalINSt7__cxx1112basic_stringIcSt11char_traitsIcESaIcEEEEA18_cEES8_RKT_RKT0_
FNDA:0,_ZN7testing8internal33FormatForComparisonFailureMessageISt8optionalINSt7__cxx1112basic_stringIcSt11char_traitsIcESaIcEEEEA7_cEES8_RKT_RKT0_
FNDA:0,_ZN7testing8internal33FormatForComparisonFailureMessageISt8optionalINSt7__cxx1112basic_stringIcSt11char_traitsIcESaIcEEEESt9nullopt_tEES8_RKT_RKT0_
FNDA:0,_ZN7testing8internal33FormatForComparisonFailureMessageISt9nullopt_tSt8optionalINSt7__cxx1112basic_stringIcSt11char_traitsIcESaIcEEEEEES9_RKT_RKT0_
FNDA:0,_ZN7testing8internal7PrintToIPKvEEvRKT_PSo
FNDA:0,_ZN7testing8internal7PrintToERKNSt7__cxx1112basic_stringIcSt11char_traitsIcESaIcEEEPSo
FNDA:0,_ZN7testing8internal16UniversalPrinterINSt7__cxx1112basic_stringIcSt11char_traitsIcESaIcEEEE5PrintERKS7_PSo
FNDA:0,_ZN7testing8internal16UniversalPrinterIPKvE5PrintERKS3_PSo
FNDA:0,_ZN7testing8internal16UniversalPrinterISt8optionalINSt7__cxx1112basic_stringIcSt11char_traitsIcESaIcEEEEE5PrintERKS9_PSo
FNDA:0,_ZN7testing8internal16UniversalPrinterISt9nullopt_tE5PrintES2_PSo
FNF:47
FNH:0
DA:217,0
DA:218,0
DA:219,0
DA:224,0
DA:226,0
DA:352,0
DA:362,0
DA:363,0
DA:383,0
DA:384,0
DA:392,0
DA:393,0
DA:410,0
DA:463,0
DA:465,0
DA:490,0
DA:491,0
DA:492,0
DA:700,0
DA:701,0
DA:702,0
DA:874,0
DA:883,0
DA:884,0
DA:928,0
DA:929,0
DA:930,0
DA:931,0
DA:933,0
DA:935,0
DA:936,0
DA:942,0
DA:943,0
DA:944,0
DA:1064,0
DA:1065,0
DA:1066,0
DA:1183,0
DA:1187,0
DA:1188,0
DA:1223,0
DA:1224,0
DA:1225,0
DA:1226,0
DA:1227,0
LF:45
LH:0
end_of_record
TN:
SF:/usr/local/include/gtest/gtest.h
FN:1374,1380,_ZN7testing8internal18CmpHelperEQFailureISt8optionalINSt7__cxx1112basic_stringIcSt11char_traitsIcESaIcEEEEA13_cEENS_15AssertionResultEPKcSD_RKT_RKT0_
FN:1374,1380,_ZN7testing8internal18CmpHelperEQFailureISt8optionalINSt7__cxx1112basic_stringIcSt11char_traitsIcESaIcEEEEA15_cEENS_15AssertionResultEPKcSD_RKT_RKT0_
FN:1374,1380,_ZN7testing8internal18CmpHelperEQFailureISt8optionalINSt7__cxx1112basic_stringIcSt11char_traitsIcESaIcEEEEA16_cEENS_15AssertionResultEPKcSD_RKT_RKT0_
FN:1374,1380,_ZN7testing8internal18CmpHelperEQFailureISt8optionalINSt7__cxx1112basic_stringIcSt11char_traitsIcESaIcEEEEA17_cEENS_15AssertionResultEPKcSD_RKT_RKT0_
FN:1374,1380,_ZN7testing8internal18CmpHelperEQFailureISt8optionalINSt7__cxx1112basic_stringIcSt11char_traitsIcESaIcEEEEA18_cEENS_15AssertionResultEPKcSD_RKT_RKT0_
FN:1374,1380,_ZN7testing8internal18CmpHelperEQFailureISt8optionalINSt7__cxx1112basic_stringIcSt11char_traitsIcESaIcEEEEA7_cEENS_15AssertionResultEPKcSD_RKT_RKT0_
FN:1374,1380,_ZN7testing8internal18CmpHelperEQFailureISt8optionalINSt7__cxx1112basic_stringIcSt11char_traitsIcESaIcEEEESt9nullopt_tEENS_15AssertionResultEPKcSD_RKT_RKT0_
FN:1391,1399,_ZN7testing8internal11CmpHelperEQISt8optionalINSt7__cxx1112basic_stringIcSt11char_traitsIcESaIcEEEEA13_cEENS_15AssertionResultEPKcSD_RKT_RKT0_
FN:1391,1399,_ZN7testing8internal11CmpHelperEQISt8optionalINSt7__cxx1112basic_stringIcSt11char_traitsIcESaIcEEEEA15_cEENS_15AssertionResultEPKcSD_RKT_RKT0_
FN:1391,1399,_ZN7testing8internal11CmpHelperEQISt8optionalINSt7__cxx1112basic_stringIcSt11char_traitsIcESaIcEEEEA16_cEENS_15AssertionResultEPKcSD_RKT_RKT0_
FN:1391,1399,_ZN7testing8internal11CmpHelperEQISt8optionalINSt7__cxx1112basic_stringIcSt11char_traitsIcESaIcEEEEA17_cEENS_15AssertionResultEPKcSD_RKT_RKT0_
FN:1391,1399,_ZN7testing8internal11CmpHelperEQISt8optionalINSt7__cxx1112basic_stringIcSt11char_traitsIcESaIcEEEEA18_cEENS_15AssertionResultEPKcSD_RKT_RKT0_
FN:1391,1399,_ZN7testing8internal11CmpHelperEQISt8optionalINSt7__cxx1112basic_stringIcSt11char_traitsIcESaIcEEEEA7_cEENS_15AssertionResultEPKcSD_RKT_RKT0_
FN:1391,1399,_ZN7testing8internal11CmpHelperEQISt8optionalINSt7__cxx1112basic_stringIcSt11char_traitsIcESaIcEEEESt9nullopt_tEENS_15AssertionResultEPKcSD_RKT_RKT0_
FN:1410,1414,_ZN7testing8internal8EqHelper7CompareISt8optionalINSt7__cxx1112basic_stringIcSt11char_traitsIcESaIcEEEEA13_cLPv0EEENS_15AssertionResultEPKcSF_RKT_RKT0_
FN:1410,1414,_ZN7testing8internal8EqHelper7CompareISt8optionalINSt7__cxx1112basic_stringIcSt11char_traitsIcESaIcEEEEA15_cLPv0EEENS_15AssertionResultEPKcSF_RKT_RKT0_
FN:1410,1414,_ZN7testing8internal8EqHelper7CompareISt8optionalINSt7__cxx1112basic_stringIcSt11char_traitsIcESaIcEEEEA16_cLPv0EEENS_15AssertionResultEPKcSF_RKT_RKT0_
FN:1410,1414,_ZN7testing8internal8EqHelper7CompareISt8optionalINSt7__cxx1112basic_stringIcSt11char_traitsIcESaIcEEEEA17_cLPv0EEENS_15AssertionResultEPKcSF_RKT_RKT0_
FN:1410,1414,_ZN7testing8internal8EqHelper7CompareISt8optionalINSt7__cxx1112basic_stringIcSt11char_traitsIcESaIcEEEEA18_cLPv0EEENS_15AssertionResultEPKcSF_RKT_RKT0_
FN:1410,1414,_ZN7testing8internal8EqHelper7CompareISt8optionalINSt7__cxx1112basic_stringIcSt11char_traitsIcESaIcEEEEA7_cLPv0EEENS_15AssertionResultEPKcSF_RKT_RKT0_
FN:1410,1414,_ZN7testing8internal8EqHelper7CompareISt8optionalINSt7__cxx1112basic_stringIcSt11char_traitsIcESaIcEEEESt9nullopt_tLPv0EEENS_15AssertionResultEPKcSF_RKT_RKT0_
FN:255,255,_ZN7testing4Test14SetUpTestSuiteEv
FN:263,263,_ZN7testing4Test17TearDownTestSuiteEv
FN:268,268,_ZN7testing4Test16TearDownTestCaseEv
FN:269,269,_ZN7testing4Test13SetUpTestCaseEv
FN:356,356,_ZN7testing4Test5SetupEv
FNDA:0,_ZN7testing8internal18CmpHelperEQFailureISt8optionalINSt7__cxx1112basic_stringIcSt11char_traitsIcESaIcEEEEA13_cEENS_15AssertionResultEPKcSD_RKT_RKT0_
FNDA:0,_ZN7testing8internal18CmpHelperEQFailureISt8optionalINSt7__cxx1112basic_stringIcSt11char_traitsIcESaIcEEEEA15_cEENS_15AssertionResultEPKcSD_RKT_RKT0_
FNDA:0,_ZN7testing8internal18CmpHelperEQFailureISt8optionalINSt7__cxx1112basic_stringIcSt11char_traitsIcESaIcEEEEA16_cEENS_15AssertionResultEPKcSD_RKT_RKT0_
FNDA:0,_ZN7testing8internal18CmpHelperEQFailureISt8optionalINSt7__cxx1112basic_stringIcSt11char_traitsIcESaIcEEEEA17_cEENS_15AssertionResultEPKcSD_RKT_RKT0_
FNDA:0,_ZN7testing8internal18CmpHelperEQFailureISt8optionalINSt7__cxx1112basic_stringIcSt11char_traitsIcESaIcEEEEA18_cEENS_15AssertionResultEPKcSD_RKT_RKT0_
FNDA:0,_ZN7testing8internal18CmpHelperEQFailureISt8optionalINSt7__cxx1112basic_stringIcSt11char_traitsIcESaIcEEEEA7_cEENS_15AssertionResultEPKcSD_RKT_RKT0_
FNDA:0,_ZN7testing8internal18CmpHelperEQFailureISt8optionalINSt7__cxx1112basic_stringIcSt11char_traitsIcESaIcEEEESt9nullopt_tEENS_15AssertionResultEPKcSD_RKT_RKT0_
FNDA:4,_ZN7testing8internal11CmpHelperEQISt8optionalINSt7__cxx1112basic_stringIcSt11char_traitsIcESaIcEEEEA13_cEENS_15AssertionResultEPKcSD_RKT_RKT0_
FNDA:2,_ZN7testing8internal11CmpHelperEQISt8optionalINSt7__cxx1112basic_stringIcSt11char_traitsIcESaIcEEEEA15_cEENS_15AssertionResultEPKcSD_RKT_RKT0_
FNDA:2,_ZN7testing8internal11CmpHelperEQISt8optionalINSt7__cxx1112basic_stringIcSt11char_traitsIcESaIcEEEEA16_cEENS_15AssertionResultEPKcSD_RKT_RKT0_
FNDA:2,_ZN7testing8internal11CmpHelperEQISt8optionalINSt7__cxx1112basic_stringIcSt11char_traitsIcESaIcEEEEA17_cEENS_15AssertionResultEPKcSD_RKT_RKT0_
FNDA:2,_ZN7testing8internal11CmpHelperEQISt8optionalINSt7__cxx1112basic_stringIcSt11char_traitsIcESaIcEEEEA18_cEENS_15AssertionResultEPKcSD_RKT_RKT0_
FNDA:4,_ZN7testing8internal11CmpHelperEQISt8optionalINSt7__cxx1112basic_stringIcSt11char_traitsIcESaIcEEEEA7_cEENS_15AssertionResultEPKcSD_RKT_RKT0_
FNDA:10,_ZN7testing8internal11CmpHelperEQISt8optionalINSt7__cxx1112basic_stringIcSt11char_traitsIcESaIcEEEESt9nullopt_tEENS_15AssertionResultEPKcSD_RKT_RKT0_
FNDA:4,_ZN7testing8internal8EqHelper7CompareISt8optionalINSt7__cxx1112basic_stringIcSt11char_traitsIcESaIcEEEEA13_cLPv0EEENS_15AssertionResultEPKcSF_RKT_RKT0_
FNDA:2,_ZN7testing8internal8EqHelper7CompareISt8optionalINSt7__cxx1112basic_stringIcSt11char_traitsIcESaIcEEEEA15_cLPv0EEENS_15AssertionResultEPKcSF_RKT_RKT0_
FNDA:2,_ZN7testing8internal8EqHelper7CompareISt8optionalINSt7__cxx1112basic_stringIcSt11char_traitsIcESaIcEEEEA16_cLPv0EEENS_15AssertionResultEPKcSF_RKT_RKT0_
FNDA:2,_ZN7testing8internal8EqHelper7CompareISt8optionalINSt7__cxx1112basic_stringIcSt11char_traitsIcESaIcEEEEA17_cLPv0EEENS_15AssertionResultEPKcSF_RKT_RKT0_
FNDA:2,_ZN7testing8internal8EqHelper7CompareISt8optionalINSt7__cxx1112basic_stringIcSt11char_traitsIcESaIcEEEEA18_cLPv0EEENS_15AssertionResultEPKcSF_RKT_RKT0_
FNDA:4,_ZN7testing8internal8EqHelper7CompareISt8optionalINSt7__cxx1112basic_stringIcSt11char_traitsIcESaIcEEEEA7_cLPv0EEENS_15AssertionResultEPKcSF_RKT_RKT0_
FNDA:10,_ZN7testing8internal8EqHelper7CompareISt8optionalINSt7__cxx1112basic_stringIcSt11char_traitsIcESaIcEEEESt9nullopt_tLPv0EEENS_15AssertionResultEPKcSF_RKT_RKT0_
FNDA:0,_ZN7testing4Test14SetUpTestSuiteEv
FNDA:0,_ZN7testing4Test17TearDownTestSuiteEv
FNDA:0,_ZN7testing4Test16TearDownTestCaseEv
FNDA:0,_ZN7testing4Test13SetUpTestCaseEv
FNDA:0,_ZN7testing4Test5SetupEv
FNF:26
FNH:14
DA:255,0
DA:263,0
DA:268,0
DA:269,0
DA:356,0
DA:1374,0
DA:1379,0
DA:1391,26
DA:1394,26
DA:1395,26
DA:1398,0
DA:1410,26
DA:1413,26
LF:13
LH:5
end_of_record
TN:
SF:/usr/local/include/gtest/internal/gtest-internal.h
FN:437,437,_ZN7testing8internal15TestFactoryBaseD0Ev
FN:437,437,_ZN7testing8internal15TestFactoryBaseD2Ev
FN:444,444,_ZN7testing8internal15TestFactoryBaseC2Ev
FN:456,456,_ZN7testing8internal15TestFactoryImplI36QuectelHarmanTest_InvalidInputs_TestE10CreateTestEv
FN:456,456,_ZN7testing8internal15TestFactoryImplI36QuectelHarmanTest_ValidMappings_TestE10CreateTestEv
FN:456,456,_ZN7testing8internal15TestFactoryImplI37QuectelHarmanTest_BoundaryValues_TestE10CreateTestEv
FN:477,478,_ZN7testing8internal12CodeLocationC2ENSt7__cxx1112basic_stringIcSt11char_traitsIcESaIcEEEi
FN:490,493,_ZN7testing8internal19GetNotDefaultOrNullEPFvvES2_
FN:505,524,_ZN7testing8internal16SuiteApiResolverINS_4TestEE19GetSetUpCaseOrSuiteEPKci
FN:526,545,_ZN7testing8internal16SuiteApiResolverINS_4TestEE22GetTearDownCaseOrSuiteEPKci
FNDA:0,_ZN7testing8internal15TestFactoryBaseD0Ev
FNDA:6,_ZN7testing8internal15TestFactoryBaseD2Ev
FNDA:6,_ZN7testing8internal15TestFactoryBaseC2Ev
FNDA:2,_ZN7testing8internal15TestFactoryImplI36QuectelHarmanTest_InvalidInputs_TestE10CreateTestEv
FNDA:2,_ZN7testing8internal15TestFactoryImplI36QuectelHarmanTest_ValidMappings_TestE10CreateTestEv
FNDA:2,_ZN7testing8internal15TestFactoryImplI37QuectelHarmanTest_BoundaryValues_TestE10CreateTestEv
FNDA:6,_ZN7testing8internal12CodeLocationC2ENSt7__cxx1112basic_stringIcSt11char_traitsIcESaIcEEEi
FNDA:24,_ZN7testing8internal19GetNotDefaultOrNullEPFvvES2_
FNDA:6,_ZN7testing8internal16SuiteApiResolverINS_4TestEE19GetSetUpCaseOrSuiteEPKci
FNDA:6,_ZN7testing8internal16SuiteApiResolverINS_4TestEE22GetTearDownCaseOrSuiteEPKci
FNF:10
FNH:9
DA:437,6
DA:444,6
DA:456,6
DA:477,6
DA:478,6
DA:490,24
DA:492,24
DA:505,6
DA:509,6
DA:511,6
DA:513,6
DA:516,0
DA:518,6
DA:526,6
DA:530,6
DA:532,6
DA:534,6
DA:537,0
DA:539,6
LF:19
LH:17
end_of_record
TN:
SF:/usr/local/include/gtest/internal/gtest-port.h
FN:1046,1046,_ZN7testing8internal8GTestLog9GetStreamEv
FNDA:0,_ZN7testing8internal8GTestLog9GetStreamEv
FNF:1
FNH:0
DA:1046,0
LF:1
LH:0
end_of_record
